<?xml version="1.0" encoding="UTF-8"?>
<testng-results ignored="0" total="135" passed="88" failed="43" skipped="4">
  <reporter-output>
  </reporter-output>
  <suite started-at="2024-01-10T21:01:43 IST" name="Credit_Note_Advance_Search" finished-at="2024-01-10T21:02:23 IST" duration-ms="39987">
    <groups>
    </groups>
    <test started-at="2024-01-10T21:01:43 IST" name="Debit_Note_Advanced_search" finished-at="2024-01-10T21:02:23 IST" duration-ms="39987">
      <class name="BillingTest.Credit_Note_Advance_Search">
        <test-method is-config="true" signature="startBrowser()[pri:0, instance:BillingTest.Credit_Note_Advance_Search@60db1c0e]" started-at="2024-01-10T21:01:43 IST" name="startBrowser" finished-at="2024-01-10T21:01:44 IST" duration-ms="1697" status="PASS">
          <reporter-output>
          </reporter-output>
        </test-method> <!-- startBrowser -->
        <test-method signature="TC_01_Verify_Login(java.lang.String)[pri:0, instance:BillingTest.Credit_Note_Advance_Search@60db1c0e]" started-at="2024-01-10T21:01:44 IST" name="TC_01_Verify_Login" finished-at="2024-01-10T21:02:11 IST" duration-ms="26689" status="PASS">
          <params>
            <param index="0">
              <value>
                <![CDATA[10931994]]>
              </value>
            </param>
          </params>
          <reporter-output>
          </reporter-output>
        </test-method> <!-- TC_01_Verify_Login -->
        <test-method signature="TC_02_Credit_Note_Advance_Search()[pri:0, instance:BillingTest.Credit_Note_Advance_Search@60db1c0e]" started-at="2024-01-10T21:02:11 IST" name="TC_02_Credit_Note_Advance_Search" finished-at="2024-01-10T21:02:22 IST" duration-ms="11037" status="FAIL">
          <exception class="org.openqa.selenium.NoSuchElementException">
            <message>
              <![CDATA[no such element: Unable to locate element: {"method":"css selector","selector":"a[id='59986']"}
  (Session info: chrome=120.0.6099.200)
For documentation on this error, please visit: https://www.seleniumhq.org/exceptions/no_such_element.html
Build info: version: '3.141.59', revision: 'e82be7d358', time: '2018-11-14T08:17:03'
System info: host: 'HATI-SDG00096', ip: '192.168.0.103', os.name: 'Windows 10', os.arch: 'amd64', os.version: '10.0', java.version: '17.0.8.1'
Driver info: org.openqa.selenium.chrome.ChromeDriver
Capabilities {acceptInsecureCerts: false, browserName: chrome, browserVersion: 120.0.6099.200, chrome: {chromedriverVersion: 120.0.6099.109 (3419140ab66..., userDataDir: C:\Users\Kamlakar\AppData\L...}, fedcm:accounts: true, goog:chromeOptions: {debuggerAddress: localhost:50551}, javascriptEnabled: true, networkConnectionEnabled: false, pageLoadStrategy: normal, platform: WINDOWS, platformName: WINDOWS, proxy: Proxy(), setWindowRect: true, strictFileInteractability: false, timeouts: {implicit: 0, pageLoad: 300000, script: 30000}, unhandledPromptBehavior: dismiss and notify, webauthn:extension:credBlob: true, webauthn:extension:largeBlob: true, webauthn:extension:minPinLength: true, webauthn:extension:prf: true, webauthn:virtualAuthenticators: true}
Session ID: 0fbab32f6924f7a83fae165664abd89c
*** Element info: {Using=css selector, value=a[id='59986']}]]>
            </message>
            <full-stacktrace>
              <![CDATA[org.openqa.selenium.NoSuchElementException: no such element: Unable to locate element: {"method":"css selector","selector":"a[id='59986']"}
  (Session info: chrome=120.0.6099.200)
For documentation on this error, please visit: https://www.seleniumhq.org/exceptions/no_such_element.html
Build info: version: '3.141.59', revision: 'e82be7d358', time: '2018-11-14T08:17:03'
System info: host: 'HATI-SDG00096', ip: '192.168.0.103', os.name: 'Windows 10', os.arch: 'amd64', os.version: '10.0', java.version: '17.0.8.1'
Driver info: org.openqa.selenium.chrome.ChromeDriver
Capabilities {acceptInsecureCerts: false, browserName: chrome, browserVersion: 120.0.6099.200, chrome: {chromedriverVersion: 120.0.6099.109 (3419140ab66..., userDataDir: C:\Users\Kamlakar\AppData\L...}, fedcm:accounts: true, goog:chromeOptions: {debuggerAddress: localhost:50551}, javascriptEnabled: true, networkConnectionEnabled: false, pageLoadStrategy: normal, platform: WINDOWS, platformName: WINDOWS, proxy: Proxy(), setWindowRect: true, strictFileInteractability: false, timeouts: {implicit: 0, pageLoad: 300000, script: 30000}, unhandledPromptBehavior: dismiss and notify, webauthn:extension:credBlob: true, webauthn:extension:largeBlob: true, webauthn:extension:minPinLength: true, webauthn:extension:prf: true, webauthn:virtualAuthenticators: true}
Session ID: 0fbab32f6924f7a83fae165664abd89c
*** Element info: {Using=css selector, value=a[id='59986']}
at java.base/jdk.internal.reflect.NativeConstructorAccessorImpl.newInstance0(Native Method)
at java.base/jdk.internal.reflect.NativeConstructorAccessorImpl.newInstance(NativeConstructorAccessorImpl.java:77)
at java.base/jdk.internal.reflect.DelegatingConstructorAccessorImpl.newInstance(DelegatingConstructorAccessorImpl.java:45)
at java.base/java.lang.reflect.Constructor.newInstanceWithCaller(Constructor.java:499)
at java.base/java.lang.reflect.Constructor.newInstance(Constructor.java:480)
at org.openqa.selenium.remote.http.W3CHttpResponseCodec.createException(W3CHttpResponseCodec.java:187)
at org.openqa.selenium.remote.http.W3CHttpResponseCodec.decode(W3CHttpResponseCodec.java:122)
at org.openqa.selenium.remote.http.W3CHttpResponseCodec.decode(W3CHttpResponseCodec.java:49)
at org.openqa.selenium.remote.HttpCommandExecutor.execute(HttpCommandExecutor.java:158)
at org.openqa.selenium.remote.service.DriverCommandExecutor.execute(DriverCommandExecutor.java:83)
at org.openqa.selenium.remote.RemoteWebDriver.execute(RemoteWebDriver.java:552)
at org.openqa.selenium.remote.RemoteWebDriver.findElement(RemoteWebDriver.java:323)
at org.openqa.selenium.remote.RemoteWebDriver.findElementByCssSelector(RemoteWebDriver.java:420)
at org.openqa.selenium.By$ByCssSelector.findElement(By.java:431)
at org.openqa.selenium.remote.RemoteWebDriver.findElement(RemoteWebDriver.java:315)
at BillingPages.Credit_Note_Advance_Search.Credit_Note_Advance_Searchfunc(Credit_Note_Advance_Search.java:305)
at BillingTest.Credit_Note_Advance_Search.TC_02_Credit_Note_Advance_Search(Credit_Note_Advance_Search.java:48)
at java.base/jdk.internal.reflect.NativeMethodAccessorImpl.invoke0(Native Method)
at java.base/jdk.internal.reflect.NativeMethodAccessorImpl.invoke(NativeMethodAccessorImpl.java:77)
at java.base/jdk.internal.reflect.DelegatingMethodAccessorImpl.invoke(DelegatingMethodAccessorImpl.java:43)
at java.base/java.lang.reflect.Method.invoke(Method.java:568)
at org.testng.internal.MethodInvocationHelper.invokeMethod(MethodInvocationHelper.java:133)
at org.testng.internal.TestInvoker.invokeMethod(TestInvoker.java:598)
at org.testng.internal.TestInvoker.invokeTestMethod(TestInvoker.java:173)
at org.testng.internal.MethodRunner.runInSequence(MethodRunner.java:46)
at org.testng.internal.TestInvoker$MethodInvocationAgent.invoke(TestInvoker.java:824)
at org.testng.internal.TestInvoker.invokeTestMethods(TestInvoker.java:146)
at org.testng.internal.TestMethodWorker.invokeTestMethods(TestMethodWorker.java:146)
at org.testng.internal.TestMethodWorker.run(TestMethodWorker.java:128)
at java.base/java.util.ArrayList.forEach(ArrayList.java:1511)
at org.testng.TestRunner.privateRun(TestRunner.java:794)
at org.testng.TestRunner.run(TestRunner.java:596)
at org.testng.SuiteRunner.runTest(SuiteRunner.java:377)
at org.testng.SuiteRunner.runSequentially(SuiteRunner.java:371)
at org.testng.SuiteRunner.privateRun(SuiteRunner.java:332)
at org.testng.SuiteRunner.run(SuiteRunner.java:276)
at org.testng.SuiteRunnerWorker.runSuite(SuiteRunnerWorker.java:53)
at org.testng.SuiteRunnerWorker.run(SuiteRunnerWorker.java:96)
at org.testng.TestNG.runSuitesSequentially(TestNG.java:1212)
at org.testng.TestNG.runSuitesSequentially(TestNG.java:1207)
at org.testng.TestNG.runSuitesLocally(TestNG.java:1134)
at org.testng.TestNG.runSuites(TestNG.java:1063)
at org.testng.TestNG.run(TestNG.java:1031)
at org.testng.remote.AbstractRemoteTestNG.run(AbstractRemoteTestNG.java:115)
at org.testng.remote.RemoteTestNG.initAndRun(RemoteTestNG.java:251)
at org.testng.remote.RemoteTestNG.main(RemoteTestNG.java:77)
]]>
            </full-stacktrace>
          </exception> <!-- org.openqa.selenium.NoSuchElementException -->
          <reporter-output>
          </reporter-output>
        </test-method> <!-- TC_02_Credit_Note_Advance_Search -->
        <test-method is-config="true" signature="FailedScreenShot(org.testng.ITestResult)[pri:0, instance:BillingTest.Credit_Note_Advance_Search@60db1c0e]" started-at="2024-01-10T21:02:11 IST" name="FailedScreenShot" finished-at="2024-01-10T21:02:11 IST" duration-ms="0" status="PASS">
          <params>
            <param index="0">
              <value>
                <![CDATA[[TestResult name=TC_01_Verify_Login status=SUCCESS method=Credit_Note_Advance_Search.TC_01_Verify_Login(java.lang.String)[pri:0, instance:BillingTest.Credit_Note_Advance_Search@60db1c0e] output={null}]]]>
              </value>
            </param>
          </params>
          <reporter-output>
          </reporter-output>
        </test-method> <!-- FailedScreenShot -->
        <test-method is-config="true" signature="FailedScreenShot(org.testng.ITestResult)[pri:0, instance:BillingTest.Credit_Note_Advance_Search@60db1c0e]" started-at="2024-01-10T21:02:22 IST" name="FailedScreenShot" finished-at="2024-01-10T21:02:23 IST" duration-ms="557" status="PASS">
          <params>
            <param index="0">
              <value>
                <![CDATA[[TestResult name=TC_02_Credit_Note_Advance_Search status=FAILURE method=Credit_Note_Advance_Search.TC_02_Credit_Note_Advance_Search()[pri:0, instance:BillingTest.Credit_Note_Advance_Search@60db1c0e] output={null}]]]>
              </value>
            </param>
          </params>
          <reporter-output>
          </reporter-output>
        </test-method> <!-- FailedScreenShot -->
        <test-method is-config="true" signature="afterTest()[pri:0, instance:BillingTest.Credit_Note_Advance_Search@60db1c0e]" started-at="2024-01-10T21:02:23 IST" name="afterTest" finished-at="2024-01-10T21:02:25 IST" duration-ms="2222" status="PASS">
          <reporter-output>
          </reporter-output>
        </test-method> <!-- afterTest -->
      </class> <!-- BillingTest.Credit_Note_Advance_Search -->
    </test> <!-- Debit_Note_Advanced_search -->
  </suite> <!-- Credit_Note_Advance_Search -->
  <suite started-at="2024-01-10T23:23:51 IST" name="OP_Patient_Self_Deposit_Test" finished-at="2024-01-10T23:24:21 IST" duration-ms="29613">
    <groups>
    </groups>
    <test started-at="2024-01-10T23:23:51 IST" name="OP_Patient_Self_Deposit_Test" finished-at="2024-01-10T23:24:21 IST" duration-ms="29613">
      <class name="BillingTest.OP_Patient_Self_Deposit_Against_Account_Test">
        <test-method is-config="true" signature="startBrowser()[pri:0, instance:BillingTest.OP_Patient_Self_Deposit_Against_Account_Test@29a5f4e7]" started-at="2024-01-10T23:23:51 IST" name="startBrowser" finished-at="2024-01-10T23:24:10 IST" duration-ms="18664" status="PASS">
          <reporter-output>
          </reporter-output>
        </test-method> <!-- startBrowser -->
        <test-method signature="TC_01_Verify_Login(java.lang.String)[pri:0, instance:BillingTest.OP_Patient_Self_Deposit_Against_Account_Test@29a5f4e7]" started-at="2024-01-10T23:24:10 IST" name="TC_01_Verify_Login" finished-at="2024-01-10T23:24:20 IST" duration-ms="10617" status="PASS">
          <params>
            <param index="0">
              <value>
                <![CDATA[10931994]]>
              </value>
            </param>
          </params>
          <reporter-output>
          </reporter-output>
        </test-method> <!-- TC_01_Verify_Login -->
        <test-method is-config="true" signature="FailedScreenShot(org.testng.ITestResult)[pri:0, instance:BillingTest.OP_Patient_Self_Deposit_Against_Account_Test@29a5f4e7]" started-at="2024-01-10T23:24:20 IST" name="FailedScreenShot" finished-at="2024-01-10T23:24:20 IST" duration-ms="1" status="PASS">
          <params>
            <param index="0">
              <value>
                <![CDATA[[TestResult name=TC_01_Verify_Login status=SUCCESS method=OP_Patient_Self_Deposit_Against_Account_Test.TC_01_Verify_Login(java.lang.String)[pri:0, instance:BillingTest.OP_Patient_Self_Deposit_Against_Account_Test@29a5f4e7] output={null}]]]>
              </value>
            </param>
          </params>
          <reporter-output>
          </reporter-output>
        </test-method> <!-- FailedScreenShot -->
        <test-method signature="TC_02_OP_Patient_Deposit_Self_Against_Account(java.lang.String,java.lang.String,java.lang.String,java.lang.String,java.lang.String,java.lang.String,java.lang.String,java.lang.String,java.lang.String,java.lang.String)[pri:0, instance:BillingTest.OP_Patient_Self_Deposit_Against_Account_Test@29a5f4e7]" started-at="2024-01-10T23:24:20 IST" name="TC_02_OP_Patient_Deposit_Self_Against_Account" finished-at="2024-01-10T23:24:20 IST" duration-ms="26" status="FAIL">
          <params>
            <param index="0">
              <value>
                <![CDATA[BRC8989900]]>
              </value>
            </param>
            <param index="1">
              <value>
                <![CDATA[01/01/2036]]>
              </value>
            </param>
            <param index="2">
              <value>
                <![CDATA[Bruce]]>
              </value>
            </param>
            <param index="3">
              <value>
                <![CDATA[12/02/1991]]>
              </value>
            </param>
            <param index="4">
              <value>
                <![CDATA[8149596832]]>
              </value>
            </param>
            <param index="5">
              <value>
                <![CDATA[Patient has favour not felling well]]>
              </value>
            </param>
            <param index="6">
              <value>
                <![CDATA[Patient has Blood suger]]>
              </value>
            </param>
            <param index="7">
              <value>
                <![CDATA[Patient need wheel chair]]>
              </value>
            </param>
            <param index="8">
              <value>
                <![CDATA[Feeling well]]>
              </value>
            </param>
            <param index="9">
              <value>
                <![CDATA[Overall patient condition is fine]]>
              </value>
            </param>
          </params>
          <exception class="java.lang.Error">
            <message>
              <![CDATA[Unresolved compilation problem: 
The declared package "BillingPages.Depositself" does not match the expected package "BillingPages"
]]>
            </message>
            <full-stacktrace>
              <![CDATA[java.lang.Error: Unresolved compilation problem: 
The declared package "BillingPages.Depositself" does not match the expected package "BillingPages"

at BillingPages.OP_Patient_Self_Deposit_Against_Account_Page.<init>(OP_Patient_Self_Deposit_Against_Account_Page.java:1)
at BillingTest.OP_Patient_Self_Deposit_Against_Account_Test.TC_02_OP_Patient_Deposit_Self_Against_Account(OP_Patient_Self_Deposit_Against_Account_Test.java:49)
at java.base/jdk.internal.reflect.NativeMethodAccessorImpl.invoke0(Native Method)
at java.base/jdk.internal.reflect.NativeMethodAccessorImpl.invoke(NativeMethodAccessorImpl.java:77)
at java.base/jdk.internal.reflect.DelegatingMethodAccessorImpl.invoke(DelegatingMethodAccessorImpl.java:43)
at java.base/java.lang.reflect.Method.invoke(Method.java:568)
at org.testng.internal.MethodInvocationHelper.invokeMethod(MethodInvocationHelper.java:133)
at org.testng.internal.TestInvoker.invokeMethod(TestInvoker.java:598)
at org.testng.internal.TestInvoker.invokeTestMethod(TestInvoker.java:173)
at org.testng.internal.MethodRunner.runInSequence(MethodRunner.java:46)
at org.testng.internal.TestInvoker$MethodInvocationAgent.invoke(TestInvoker.java:824)
at org.testng.internal.TestInvoker.invokeTestMethods(TestInvoker.java:146)
at org.testng.internal.TestMethodWorker.invokeTestMethods(TestMethodWorker.java:146)
at org.testng.internal.TestMethodWorker.run(TestMethodWorker.java:128)
at java.base/java.util.ArrayList.forEach(ArrayList.java:1511)
at org.testng.TestRunner.privateRun(TestRunner.java:794)
at org.testng.TestRunner.run(TestRunner.java:596)
at org.testng.SuiteRunner.runTest(SuiteRunner.java:377)
at org.testng.SuiteRunner.runSequentially(SuiteRunner.java:371)
at org.testng.SuiteRunner.privateRun(SuiteRunner.java:332)
at org.testng.SuiteRunner.run(SuiteRunner.java:276)
at org.testng.SuiteRunnerWorker.runSuite(SuiteRunnerWorker.java:53)
at org.testng.SuiteRunnerWorker.run(SuiteRunnerWorker.java:96)
at org.testng.TestNG.runSuitesSequentially(TestNG.java:1212)
at org.testng.TestNG.runSuitesSequentially(TestNG.java:1207)
at org.testng.TestNG.runSuitesLocally(TestNG.java:1134)
at org.testng.TestNG.runSuites(TestNG.java:1063)
at org.testng.TestNG.run(TestNG.java:1031)
at org.testng.remote.AbstractRemoteTestNG.run(AbstractRemoteTestNG.java:115)
at org.testng.remote.RemoteTestNG.initAndRun(RemoteTestNG.java:251)
at org.testng.remote.RemoteTestNG.main(RemoteTestNG.java:77)
]]>
            </full-stacktrace>
          </exception> <!-- java.lang.Error -->
          <reporter-output>
          </reporter-output>
        </test-method> <!-- TC_02_OP_Patient_Deposit_Self_Against_Account -->
        <test-method is-config="true" signature="FailedScreenShot(org.testng.ITestResult)[pri:0, instance:BillingTest.OP_Patient_Self_Deposit_Against_Account_Test@29a5f4e7]" started-at="2024-01-10T23:24:20 IST" name="FailedScreenShot" finished-at="2024-01-10T23:24:21 IST" duration-ms="302" status="PASS">
          <params>
            <param index="0">
              <value>
                <![CDATA[[TestResult name=TC_02_OP_Patient_Deposit_Self_Against_Account status=FAILURE method=OP_Patient_Self_Deposit_Against_Account_Test.TC_02_OP_Patient_Deposit_Self_Against_Account(java.lang.String,java.lang.String,java.lang.String,java.lang.String,java.lang.String,java.lang.String,java.lang.String,java.lang.String,java.lang.String,java.lang.String)[pri:0, instance:BillingTest.OP_Patient_Self_Deposit_Against_Account_Test@29a5f4e7] output={null}]]]>
              </value>
            </param>
          </params>
          <reporter-output>
          </reporter-output>
        </test-method> <!-- FailedScreenShot -->
        <test-method is-config="true" signature="afterTest()[pri:0, instance:BillingTest.OP_Patient_Self_Deposit_Against_Account_Test@29a5f4e7]" started-at="2024-01-10T23:24:21 IST" name="afterTest" finished-at="2024-01-10T23:24:23 IST" duration-ms="2256" status="PASS">
          <reporter-output>
          </reporter-output>
        </test-method> <!-- afterTest -->
      </class> <!-- BillingTest.OP_Patient_Self_Deposit_Against_Account_Test -->
    </test> <!-- OP_Patient_Self_Deposit_Test -->
  </suite> <!-- OP_Patient_Self_Deposit_Test -->
  <suite started-at="2024-01-10T21:04:37 IST" name="Credit_Note_Against_Discount_All_service_Partial_settlement" finished-at="2024-01-10T21:09:10 IST" duration-ms="273126">
    <groups>
    </groups>
    <test started-at="2024-01-10T21:04:37 IST" name="Credit_Note_Against_Discount_All_service_Partial_settlement" finished-at="2024-01-10T21:09:10 IST" duration-ms="273126">
      <class name="BillingTest.Credit_Note_Against_Discount_All_service_Partial_settlement">
        <test-method is-config="true" signature="startBrowser()[pri:0, instance:BillingTest.Credit_Note_Against_Discount_All_service_Partial_settlement@7f2cfe3f]" started-at="2024-01-10T21:04:37 IST" name="startBrowser" finished-at="2024-01-10T21:04:51 IST" duration-ms="14132" status="PASS">
          <reporter-output>
          </reporter-output>
        </test-method> <!-- startBrowser -->
        <test-method signature="TC_01_Verify_Login(java.lang.String)[pri:1, instance:BillingTest.Credit_Note_Against_Discount_All_service_Partial_settlement@7f2cfe3f]" started-at="2024-01-10T21:04:51 IST" name="TC_01_Verify_Login" finished-at="2024-01-10T21:05:01 IST" duration-ms="10587" status="PASS">
          <params>
            <param index="0">
              <value>
                <![CDATA[10931994]]>
              </value>
            </param>
          </params>
          <reporter-output>
          </reporter-output>
        </test-method> <!-- TC_01_Verify_Login -->
        <test-method is-config="true" signature="FailedScreenShot(org.testng.ITestResult)[pri:0, instance:BillingTest.Credit_Note_Against_Discount_All_service_Partial_settlement@7f2cfe3f]" started-at="2024-01-10T21:05:01 IST" name="FailedScreenShot" finished-at="2024-01-10T21:05:01 IST" duration-ms="0" status="PASS">
          <params>
            <param index="0">
              <value>
                <![CDATA[[TestResult name=TC_01_Verify_Login status=SUCCESS method=Credit_Note_Against_Discount_All_service_Partial_settlement.TC_01_Verify_Login(java.lang.String)[pri:1, instance:BillingTest.Credit_Note_Against_Discount_All_service_Partial_settlement@7f2cfe3f] output={null}]]]>
              </value>
            </param>
          </params>
          <reporter-output>
          </reporter-output>
        </test-method> <!-- FailedScreenShot -->
        <test-method signature="TC_02_Credit_Note_Against_Discount_All_service_Partial_settlement(java.lang.String,java.lang.String,java.lang.String,java.lang.String,java.lang.String,java.lang.String,java.lang.String,java.lang.String,java.lang.String,java.lang.String,java.lang.String,java.lang.String,java.lang.String,java.lang.String)[pri:2, instance:BillingTest.Credit_Note_Against_Discount_All_service_Partial_settlement@7f2cfe3f]" started-at="2024-01-10T21:05:01 IST" name="TC_02_Credit_Note_Against_Discount_All_service_Partial_settlement" finished-at="2024-01-10T21:09:09 IST" duration-ms="248177" status="FAIL">
          <params>
            <param index="0">
              <value>
                <![CDATA[UJ888998]]>
              </value>
            </param>
            <param index="1">
              <value>
                <![CDATA[12/10/2024]]>
              </value>
            </param>
            <param index="2">
              <value>
                <![CDATA[12/02/1991]]>
              </value>
            </param>
            <param index="3">
              <value>
                <![CDATA[8149596832]]>
              </value>
            </param>
            <param index="4">
              <value>
                <![CDATA[Patient has favour not felling well]]>
              </value>
            </param>
            <param index="5">
              <value>
                <![CDATA[Patient has Blood suger]]>
              </value>
            </param>
            <param index="6">
              <value>
                <![CDATA[Patient need wheel chair]]>
              </value>
            </param>
            <param index="7">
              <value>
                <![CDATA[Feeling well]]>
              </value>
            </param>
            <param index="8">
              <value>
                <![CDATA[Overall patient condition is fine]]>
              </value>
            </param>
            <param index="9">
              <value>
                <![CDATA[CT Brain]]>
              </value>
            </param>
            <param index="10">
              <value>
                <![CDATA[MRI Brain]]>
              </value>
            </param>
            <param index="11">
              <value>
                <![CDATA[Admin]]>
              </value>
            </param>
            <param index="12">
              <value>
                <![CDATA[8980909]]>
              </value>
            </param>
            <param index="13">
              <value>
                <![CDATA[Testing]]>
              </value>
            </param>
          </params>
          <exception class="org.openqa.selenium.NoSuchElementException">
            <message>
              <![CDATA[no such element: Unable to locate element: {"method":"xpath","selector":"/html/body/app-root/app-layout/ng-sidebar-container/div/div/mat-drawer-container/mat-drawer-content/div/div/app-creditnote/div[4]/div[1]/table/tbody/tr[1]/td[1]"}
  (Session info: chrome=120.0.6099.200)
For documentation on this error, please visit: https://www.seleniumhq.org/exceptions/no_such_element.html
Build info: version: '3.141.59', revision: 'e82be7d358', time: '2018-11-14T08:17:03'
System info: host: 'HATI-SDG00096', ip: '192.168.0.103', os.name: 'Windows 10', os.arch: 'amd64', os.version: '10.0', java.version: '17.0.8.1'
Driver info: org.openqa.selenium.chrome.ChromeDriver
Capabilities {acceptInsecureCerts: false, browserName: chrome, browserVersion: 120.0.6099.200, chrome: {chromedriverVersion: 120.0.6099.109 (3419140ab66..., userDataDir: C:\Users\Kamlakar\AppData\L...}, fedcm:accounts: true, goog:chromeOptions: {debuggerAddress: localhost:50812}, javascriptEnabled: true, networkConnectionEnabled: false, pageLoadStrategy: normal, platform: WINDOWS, platformName: WINDOWS, proxy: Proxy(), setWindowRect: true, strictFileInteractability: false, timeouts: {implicit: 0, pageLoad: 300000, script: 30000}, unhandledPromptBehavior: dismiss and notify, webauthn:extension:credBlob: true, webauthn:extension:largeBlob: true, webauthn:extension:minPinLength: true, webauthn:extension:prf: true, webauthn:virtualAuthenticators: true}
Session ID: 3f00e819c813ed2a6a79808cbb15b21d
*** Element info: {Using=xpath, value=/html/body/app-root/app-layout/ng-sidebar-container/div/div/mat-drawer-container/mat-drawer-content/div/div/app-creditnote/div[4]/div[1]/table/tbody/tr[1]/td[1]}]]>
            </message>
            <full-stacktrace>
              <![CDATA[org.openqa.selenium.NoSuchElementException: no such element: Unable to locate element: {"method":"xpath","selector":"/html/body/app-root/app-layout/ng-sidebar-container/div/div/mat-drawer-container/mat-drawer-content/div/div/app-creditnote/div[4]/div[1]/table/tbody/tr[1]/td[1]"}
  (Session info: chrome=120.0.6099.200)
For documentation on this error, please visit: https://www.seleniumhq.org/exceptions/no_such_element.html
Build info: version: '3.141.59', revision: 'e82be7d358', time: '2018-11-14T08:17:03'
System info: host: 'HATI-SDG00096', ip: '192.168.0.103', os.name: 'Windows 10', os.arch: 'amd64', os.version: '10.0', java.version: '17.0.8.1'
Driver info: org.openqa.selenium.chrome.ChromeDriver
Capabilities {acceptInsecureCerts: false, browserName: chrome, browserVersion: 120.0.6099.200, chrome: {chromedriverVersion: 120.0.6099.109 (3419140ab66..., userDataDir: C:\Users\Kamlakar\AppData\L...}, fedcm:accounts: true, goog:chromeOptions: {debuggerAddress: localhost:50812}, javascriptEnabled: true, networkConnectionEnabled: false, pageLoadStrategy: normal, platform: WINDOWS, platformName: WINDOWS, proxy: Proxy(), setWindowRect: true, strictFileInteractability: false, timeouts: {implicit: 0, pageLoad: 300000, script: 30000}, unhandledPromptBehavior: dismiss and notify, webauthn:extension:credBlob: true, webauthn:extension:largeBlob: true, webauthn:extension:minPinLength: true, webauthn:extension:prf: true, webauthn:virtualAuthenticators: true}
Session ID: 3f00e819c813ed2a6a79808cbb15b21d
*** Element info: {Using=xpath, value=/html/body/app-root/app-layout/ng-sidebar-container/div/div/mat-drawer-container/mat-drawer-content/div/div/app-creditnote/div[4]/div[1]/table/tbody/tr[1]/td[1]}
at java.base/jdk.internal.reflect.NativeConstructorAccessorImpl.newInstance0(Native Method)
at java.base/jdk.internal.reflect.NativeConstructorAccessorImpl.newInstance(NativeConstructorAccessorImpl.java:77)
at java.base/jdk.internal.reflect.DelegatingConstructorAccessorImpl.newInstance(DelegatingConstructorAccessorImpl.java:45)
at java.base/java.lang.reflect.Constructor.newInstanceWithCaller(Constructor.java:499)
at java.base/java.lang.reflect.Constructor.newInstance(Constructor.java:480)
at org.openqa.selenium.remote.http.W3CHttpResponseCodec.createException(W3CHttpResponseCodec.java:187)
at org.openqa.selenium.remote.http.W3CHttpResponseCodec.decode(W3CHttpResponseCodec.java:122)
at org.openqa.selenium.remote.http.W3CHttpResponseCodec.decode(W3CHttpResponseCodec.java:49)
at org.openqa.selenium.remote.HttpCommandExecutor.execute(HttpCommandExecutor.java:158)
at org.openqa.selenium.remote.service.DriverCommandExecutor.execute(DriverCommandExecutor.java:83)
at org.openqa.selenium.remote.RemoteWebDriver.execute(RemoteWebDriver.java:552)
at org.openqa.selenium.remote.RemoteWebDriver.findElement(RemoteWebDriver.java:323)
at org.openqa.selenium.remote.RemoteWebDriver.findElementByXPath(RemoteWebDriver.java:428)
at org.openqa.selenium.By$ByXPath.findElement(By.java:353)
at org.openqa.selenium.remote.RemoteWebDriver.findElement(RemoteWebDriver.java:315)
at BillingPages.Credit_Note_Against_Discount_All_service_Partial_settlement.Credit_Note_Against_Discount_All_service_Partial_settlementfunc(Credit_Note_Against_Discount_All_service_Partial_settlement.java:805)
at BillingTest.Credit_Note_Against_Discount_All_service_Partial_settlement.TC_02_Credit_Note_Against_Discount_All_service_Partial_settlement(Credit_Note_Against_Discount_All_service_Partial_settlement.java:49)
at java.base/jdk.internal.reflect.NativeMethodAccessorImpl.invoke0(Native Method)
at java.base/jdk.internal.reflect.NativeMethodAccessorImpl.invoke(NativeMethodAccessorImpl.java:77)
at java.base/jdk.internal.reflect.DelegatingMethodAccessorImpl.invoke(DelegatingMethodAccessorImpl.java:43)
at java.base/java.lang.reflect.Method.invoke(Method.java:568)
at org.testng.internal.MethodInvocationHelper.invokeMethod(MethodInvocationHelper.java:133)
at org.testng.internal.TestInvoker.invokeMethod(TestInvoker.java:598)
at org.testng.internal.TestInvoker.invokeTestMethod(TestInvoker.java:173)
at org.testng.internal.MethodRunner.runInSequence(MethodRunner.java:46)
at org.testng.internal.TestInvoker$MethodInvocationAgent.invoke(TestInvoker.java:824)
at org.testng.internal.TestInvoker.invokeTestMethods(TestInvoker.java:146)
at org.testng.internal.TestMethodWorker.invokeTestMethods(TestMethodWorker.java:146)
at org.testng.internal.TestMethodWorker.run(TestMethodWorker.java:128)
at java.base/java.util.ArrayList.forEach(ArrayList.java:1511)
at org.testng.TestRunner.privateRun(TestRunner.java:794)
at org.testng.TestRunner.run(TestRunner.java:596)
at org.testng.SuiteRunner.runTest(SuiteRunner.java:377)
at org.testng.SuiteRunner.runSequentially(SuiteRunner.java:371)
at org.testng.SuiteRunner.privateRun(SuiteRunner.java:332)
at org.testng.SuiteRunner.run(SuiteRunner.java:276)
at org.testng.SuiteRunnerWorker.runSuite(SuiteRunnerWorker.java:53)
at org.testng.SuiteRunnerWorker.run(SuiteRunnerWorker.java:96)
at org.testng.TestNG.runSuitesSequentially(TestNG.java:1212)
at org.testng.TestNG.runSuitesSequentially(TestNG.java:1207)
at org.testng.TestNG.runSuitesLocally(TestNG.java:1134)
at org.testng.TestNG.runSuites(TestNG.java:1063)
at org.testng.TestNG.run(TestNG.java:1031)
at org.testng.remote.AbstractRemoteTestNG.run(AbstractRemoteTestNG.java:115)
at org.testng.remote.RemoteTestNG.initAndRun(RemoteTestNG.java:251)
at org.testng.remote.RemoteTestNG.main(RemoteTestNG.java:77)
]]>
            </full-stacktrace>
          </exception> <!-- org.openqa.selenium.NoSuchElementException -->
          <reporter-output>
          </reporter-output>
        </test-method> <!-- TC_02_Credit_Note_Against_Discount_All_service_Partial_settlement -->
        <test-method is-config="true" signature="FailedScreenShot(org.testng.ITestResult)[pri:0, instance:BillingTest.Credit_Note_Against_Discount_All_service_Partial_settlement@7f2cfe3f]" started-at="2024-01-10T21:09:09 IST" name="FailedScreenShot" finished-at="2024-01-10T21:09:10 IST" duration-ms="223" status="PASS">
          <params>
            <param index="0">
              <value>
                <![CDATA[[TestResult name=TC_02_Credit_Note_Against_Discount_All_service_Partial_settlement status=FAILURE method=Credit_Note_Against_Discount_All_service_Partial_settlement.TC_02_Credit_Note_Against_Discount_All_service_Partial_settlement(java.lang.String,java.lang.String,java.lang.String,java.lang.String,java.lang.String,java.lang.String,java.lang.String,java.lang.String,java.lang.String,java.lang.String,java.lang.String,java.lang.String,java.lang.String,java.lang.String)[pri:2, instance:BillingTest.Credit_Note_Against_Discount_All_service_Partial_settlement@7f2cfe3f] output={null}]]]>
              </value>
            </param>
          </params>
          <reporter-output>
          </reporter-output>
        </test-method> <!-- FailedScreenShot -->
        <test-method is-config="true" signature="afterTest()[pri:0, instance:BillingTest.Credit_Note_Against_Discount_All_service_Partial_settlement@7f2cfe3f]" started-at="2024-01-10T21:09:10 IST" name="afterTest" finished-at="2024-01-10T21:09:12 IST" duration-ms="2500" status="PASS">
          <reporter-output>
          </reporter-output>
        </test-method> <!-- afterTest -->
      </class> <!-- BillingTest.Credit_Note_Against_Discount_All_service_Partial_settlement -->
    </test> <!-- Credit_Note_Against_Discount_All_service_Partial_settlement -->
  </suite> <!-- Credit_Note_Against_Discount_All_service_Partial_settlement -->
  <suite started-at="2024-01-10T21:00:40 IST" name="Billing_Summary_Advanced_search" finished-at="2024-01-10T21:01:40 IST" duration-ms="60228">
    <groups>
    </groups>
    <test started-at="2024-01-10T21:00:40 IST" name="Billing_Summary_Advanced_search" finished-at="2024-01-10T21:01:40 IST" duration-ms="60228">
      <class name="BillingTest.Billing_Summary_Advanced_search">
        <test-method is-config="true" signature="startBrowser()[pri:0, instance:BillingTest.Billing_Summary_Advanced_search@3b6d844d]" started-at="2024-01-10T21:00:40 IST" name="startBrowser" finished-at="2024-01-10T21:00:51 IST" duration-ms="10489" status="PASS">
          <reporter-output>
          </reporter-output>
        </test-method> <!-- startBrowser -->
        <test-method signature="TC_01_Verify_Login(java.lang.String)[pri:1, instance:BillingTest.Billing_Summary_Advanced_search@3b6d844d]" started-at="2024-01-10T21:00:51 IST" name="TC_01_Verify_Login" finished-at="2024-01-10T21:01:01 IST" duration-ms="10594" status="PASS">
          <params>
            <param index="0">
              <value>
                <![CDATA[10931994]]>
              </value>
            </param>
          </params>
          <reporter-output>
          </reporter-output>
        </test-method> <!-- TC_01_Verify_Login -->
        <test-method is-config="true" signature="FailedScreenShot(org.testng.ITestResult)[pri:0, instance:BillingTest.Billing_Summary_Advanced_search@3b6d844d]" started-at="2024-01-10T21:01:01 IST" name="FailedScreenShot" finished-at="2024-01-10T21:01:01 IST" duration-ms="0" status="PASS">
          <params>
            <param index="0">
              <value>
                <![CDATA[[TestResult name=TC_01_Verify_Login status=SUCCESS method=Billing_Summary_Advanced_search.TC_01_Verify_Login(java.lang.String)[pri:1, instance:BillingTest.Billing_Summary_Advanced_search@3b6d844d] output={null}]]]>
              </value>
            </param>
          </params>
          <reporter-output>
          </reporter-output>
        </test-method> <!-- FailedScreenShot -->
        <test-method signature="TC_02_Billing_Summary_Advanced_search()[pri:2, instance:BillingTest.Billing_Summary_Advanced_search@3b6d844d]" started-at="2024-01-10T21:01:01 IST" name="TC_02_Billing_Summary_Advanced_search" finished-at="2024-01-10T21:01:40 IST" duration-ms="39129" status="PASS">
          <reporter-output>
          </reporter-output>
        </test-method> <!-- TC_02_Billing_Summary_Advanced_search -->
        <test-method is-config="true" signature="FailedScreenShot(org.testng.ITestResult)[pri:0, instance:BillingTest.Billing_Summary_Advanced_search@3b6d844d]" started-at="2024-01-10T21:01:40 IST" name="FailedScreenShot" finished-at="2024-01-10T21:01:40 IST" duration-ms="0" status="PASS">
          <params>
            <param index="0">
              <value>
                <![CDATA[[TestResult name=TC_02_Billing_Summary_Advanced_search status=SUCCESS method=Billing_Summary_Advanced_search.TC_02_Billing_Summary_Advanced_search()[pri:2, instance:BillingTest.Billing_Summary_Advanced_search@3b6d844d] output={null}]]]>
              </value>
            </param>
          </params>
          <reporter-output>
          </reporter-output>
        </test-method> <!-- FailedScreenShot -->
        <test-method is-config="true" signature="afterTest()[pri:0, instance:BillingTest.Billing_Summary_Advanced_search@3b6d844d]" started-at="2024-01-10T21:01:40 IST" name="afterTest" finished-at="2024-01-10T21:01:43 IST" duration-ms="2417" status="PASS">
          <reporter-output>
          </reporter-output>
        </test-method> <!-- afterTest -->
      </class> <!-- BillingTest.Billing_Summary_Advanced_search -->
    </test> <!-- Billing_Summary_Advanced_search -->
  </suite> <!-- Billing_Summary_Advanced_search -->
  <suite started-at="2024-01-10T22:37:25 IST" name="OP_Bill_Final_Bill_Outstanding_Billing_Summary_Invoice_Cancel_Bill" finished-at="2024-01-10T22:41:26 IST" duration-ms="240907">
    <groups>
    </groups>
    <test started-at="2024-01-10T22:37:25 IST" name="OP_Bill_Final_Bill_Outstanding_Billing_Summary_Invoice_Cancel_Bill" finished-at="2024-01-10T22:41:26 IST" duration-ms="240907">
      <class name="BillingTest.OP_Bill_Final_Bill_Outstanding_Billing_Summary_Invoice_Cancel_Bill">
        <test-method is-config="true" signature="startBrowser()[pri:0, instance:BillingTest.OP_Bill_Final_Bill_Outstanding_Billing_Summary_Invoice_Cancel_Bill@609bcfb6]" started-at="2024-01-10T22:37:25 IST" name="startBrowser" finished-at="2024-01-10T22:37:35 IST" duration-ms="9257" status="PASS">
          <reporter-output>
          </reporter-output>
        </test-method> <!-- startBrowser -->
        <test-method signature="TC_01_Verify_Login(java.lang.String)[pri:1, instance:BillingTest.OP_Bill_Final_Bill_Outstanding_Billing_Summary_Invoice_Cancel_Bill@609bcfb6]" started-at="2024-01-10T22:37:35 IST" name="TC_01_Verify_Login" finished-at="2024-01-10T22:37:45 IST" duration-ms="10540" status="PASS">
          <params>
            <param index="0">
              <value>
                <![CDATA[10931994]]>
              </value>
            </param>
          </params>
          <reporter-output>
          </reporter-output>
        </test-method> <!-- TC_01_Verify_Login -->
        <test-method is-config="true" signature="FailedScreenShot(org.testng.ITestResult)[pri:0, instance:BillingTest.OP_Bill_Final_Bill_Outstanding_Billing_Summary_Invoice_Cancel_Bill@609bcfb6]" started-at="2024-01-10T22:37:45 IST" name="FailedScreenShot" finished-at="2024-01-10T22:37:45 IST" duration-ms="0" status="PASS">
          <params>
            <param index="0">
              <value>
                <![CDATA[[TestResult name=TC_01_Verify_Login status=SUCCESS method=OP_Bill_Final_Bill_Outstanding_Billing_Summary_Invoice_Cancel_Bill.TC_01_Verify_Login(java.lang.String)[pri:1, instance:BillingTest.OP_Bill_Final_Bill_Outstanding_Billing_Summary_Invoice_Cancel_Bill@609bcfb6] output={null}]]]>
              </value>
            </param>
          </params>
          <reporter-output>
          </reporter-output>
        </test-method> <!-- FailedScreenShot -->
        <test-method signature="TC_02_OP_Bill_Final_Bill_Outstanding_Billing_Summary_Invoice_Cancel_Bill(java.lang.String,java.lang.String,java.lang.String,java.lang.String,java.lang.String,java.lang.String,java.lang.String,java.lang.String,java.lang.String,java.lang.String,java.lang.String,java.lang.String,java.lang.String,java.lang.String)[pri:2, instance:BillingTest.OP_Bill_Final_Bill_Outstanding_Billing_Summary_Invoice_Cancel_Bill@609bcfb6]" started-at="2024-01-10T22:37:45 IST" name="TC_02_OP_Bill_Final_Bill_Outstanding_Billing_Summary_Invoice_Cancel_Bill" finished-at="2024-01-10T22:41:26 IST" duration-ms="221105" status="PASS">
          <params>
            <param index="0">
              <value>
                <![CDATA[UJ888998]]>
              </value>
            </param>
            <param index="1">
              <value>
                <![CDATA[12/10/2024]]>
              </value>
            </param>
            <param index="2">
              <value>
                <![CDATA[12/02/1991]]>
              </value>
            </param>
            <param index="3">
              <value>
                <![CDATA[8149596832]]>
              </value>
            </param>
            <param index="4">
              <value>
                <![CDATA[Patient has favour not felling well]]>
              </value>
            </param>
            <param index="5">
              <value>
                <![CDATA[Patient has Blood suger]]>
              </value>
            </param>
            <param index="6">
              <value>
                <![CDATA[Patient need wheel chair]]>
              </value>
            </param>
            <param index="7">
              <value>
                <![CDATA[Feeling well]]>
              </value>
            </param>
            <param index="8">
              <value>
                <![CDATA[Overall patient condition is fine]]>
              </value>
            </param>
            <param index="9">
              <value>
                <![CDATA[CT Brain]]>
              </value>
            </param>
            <param index="10">
              <value>
                <![CDATA[MRI Brain]]>
              </value>
            </param>
            <param index="11">
              <value>
                <![CDATA[Admin]]>
              </value>
            </param>
            <param index="12">
              <value>
                <![CDATA[8980909]]>
              </value>
            </param>
            <param index="13">
              <value>
                <![CDATA[Testing]]>
              </value>
            </param>
          </params>
          <reporter-output>
          </reporter-output>
        </test-method> <!-- TC_02_OP_Bill_Final_Bill_Outstanding_Billing_Summary_Invoice_Cancel_Bill -->
        <test-method is-config="true" signature="FailedScreenShot(org.testng.ITestResult)[pri:0, instance:BillingTest.OP_Bill_Final_Bill_Outstanding_Billing_Summary_Invoice_Cancel_Bill@609bcfb6]" started-at="2024-01-10T22:41:26 IST" name="FailedScreenShot" finished-at="2024-01-10T22:41:26 IST" duration-ms="0" status="PASS">
          <params>
            <param index="0">
              <value>
                <![CDATA[[TestResult name=TC_02_OP_Bill_Final_Bill_Outstanding_Billing_Summary_Invoice_Cancel_Bill status=SUCCESS method=OP_Bill_Final_Bill_Outstanding_Billing_Summary_Invoice_Cancel_Bill.TC_02_OP_Bill_Final_Bill_Outstanding_Billing_Summary_Invoice_Cancel_Bill(java.lang.String,java.lang.String,java.lang.String,java.lang.String,java.lang.String,java.lang.String,java.lang.String,java.lang.String,java.lang.String,java.lang.String,java.lang.String,java.lang.String,java.lang.String,java.lang.String)[pri:2, instance:BillingTest.OP_Bill_Final_Bill_Outstanding_Billing_Summary_Invoice_Cancel_Bill@609bcfb6] output={null}]]]>
              </value>
            </param>
          </params>
          <reporter-output>
          </reporter-output>
        </test-method> <!-- FailedScreenShot -->
        <test-method is-config="true" signature="afterTest()[pri:0, instance:BillingTest.OP_Bill_Final_Bill_Outstanding_Billing_Summary_Invoice_Cancel_Bill@609bcfb6]" started-at="2024-01-10T22:41:26 IST" name="afterTest" finished-at="2024-01-10T22:41:29 IST" duration-ms="2580" status="PASS">
          <reporter-output>
          </reporter-output>
        </test-method> <!-- afterTest -->
      </class> <!-- BillingTest.OP_Bill_Final_Bill_Outstanding_Billing_Summary_Invoice_Cancel_Bill -->
    </test> <!-- OP_Bill_Final_Bill_Outstanding_Billing_Summary_Invoice_Cancel_Bill -->
  </suite> <!-- OP_Bill_Final_Bill_Outstanding_Billing_Summary_Invoice_Cancel_Bill -->
  <suite started-at="2024-01-10T23:37:48 IST" name="OPBill_FinalBill_Multiple_Payment_Method_Self_Test" finished-at="2024-01-10T23:41:43 IST" duration-ms="234927">
    <groups>
    </groups>
    <test started-at="2024-01-10T23:37:48 IST" name="OPBill_FinalBill_Multiple_Payment_Method_Self_Test" finished-at="2024-01-10T23:41:43 IST" duration-ms="234927">
      <class name="BillingTest.OPBill_FinalBill_Multiple_Payment_Method_Self_Test">
        <test-method is-config="true" signature="startBrowser()[pri:0, instance:BillingTest.OPBill_FinalBill_Multiple_Payment_Method_Self_Test@b83a9be]" started-at="2024-01-10T23:37:48 IST" name="startBrowser" finished-at="2024-01-10T23:38:05 IST" duration-ms="17452" status="PASS">
          <reporter-output>
          </reporter-output>
        </test-method> <!-- startBrowser -->
        <test-method signature="TC_01_Verify_Login(java.lang.String)[pri:0, instance:BillingTest.OPBill_FinalBill_Multiple_Payment_Method_Self_Test@b83a9be]" started-at="2024-01-10T23:38:05 IST" name="TC_01_Verify_Login" finished-at="2024-01-10T23:38:16 IST" duration-ms="10552" status="PASS">
          <params>
            <param index="0">
              <value>
                <![CDATA[10931994]]>
              </value>
            </param>
          </params>
          <reporter-output>
          </reporter-output>
        </test-method> <!-- TC_01_Verify_Login -->
        <test-method is-config="true" signature="FailedScreenShot(org.testng.ITestResult)[pri:0, instance:BillingTest.OPBill_FinalBill_Multiple_Payment_Method_Self_Test@b83a9be]" started-at="2024-01-10T23:38:16 IST" name="FailedScreenShot" finished-at="2024-01-10T23:38:16 IST" duration-ms="1" status="PASS">
          <params>
            <param index="0">
              <value>
                <![CDATA[[TestResult name=TC_01_Verify_Login status=SUCCESS method=OPBill_FinalBill_Multiple_Payment_Method_Self_Test.TC_01_Verify_Login(java.lang.String)[pri:0, instance:BillingTest.OPBill_FinalBill_Multiple_Payment_Method_Self_Test@b83a9be] output={null}]]]>
              </value>
            </param>
          </params>
          <reporter-output>
          </reporter-output>
        </test-method> <!-- FailedScreenShot -->
        <test-method signature="TC_02_OP_Bill_Screen_Multiple_Full_Settlement(java.lang.String,java.lang.String,java.lang.String,java.lang.String,java.lang.String,java.lang.String,java.lang.String,java.lang.String,java.lang.String,java.lang.String,java.lang.String,java.lang.String,java.lang.String,java.lang.String,java.lang.String)[pri:0, instance:BillingTest.OPBill_FinalBill_Multiple_Payment_Method_Self_Test@b83a9be]" started-at="2024-01-10T23:38:16 IST" name="TC_02_OP_Bill_Screen_Multiple_Full_Settlement" finished-at="2024-01-10T23:41:43 IST" duration-ms="206724" status="FAIL">
          <params>
            <param index="0">
              <value>
                <![CDATA[DY578986]]>
              </value>
            </param>
            <param index="1">
              <value>
                <![CDATA[01/01/2036]]>
              </value>
            </param>
            <param index="2">
              <value>
                <![CDATA[Dylan]]>
              </value>
            </param>
            <param index="3">
              <value>
                <![CDATA[12/02/1991]]>
              </value>
            </param>
            <param index="4">
              <value>
                <![CDATA[8149596832]]>
              </value>
            </param>
            <param index="5">
              <value>
                <![CDATA[Patient has favour not felling well]]>
              </value>
            </param>
            <param index="6">
              <value>
                <![CDATA[Patient has Blood suger]]>
              </value>
            </param>
            <param index="7">
              <value>
                <![CDATA[Patient need wheel chair]]>
              </value>
            </param>
            <param index="8">
              <value>
                <![CDATA[Feeling well]]>
              </value>
            </param>
            <param index="9">
              <value>
                <![CDATA[Overall patient condition is fine]]>
              </value>
            </param>
            <param index="10">
              <value>
                <![CDATA[CT Brain]]>
              </value>
            </param>
            <param index="11">
              <value>
                <![CDATA[MRI Brain]]>
              </value>
            </param>
            <param index="12">
              <value>
                <![CDATA[Admin]]>
              </value>
            </param>
            <param index="13">
              <value>
                <![CDATA[8980909]]>
              </value>
            </param>
            <param index="14">
              <value>
                <![CDATA[Testing]]>
              </value>
            </param>
          </params>
          <exception class="org.openqa.selenium.ElementNotInteractableException">
            <message>
              <![CDATA[element not interactable
  (Session info: chrome=120.0.6099.200)
Build info: version: '3.141.59', revision: 'e82be7d358', time: '2018-11-14T08:17:03'
System info: host: 'HATI-SDG00096', ip: '192.168.0.103', os.name: 'Windows 10', os.arch: 'amd64', os.version: '10.0', java.version: '17.0.8.1'
Driver info: org.openqa.selenium.chrome.ChromeDriver
Capabilities {acceptInsecureCerts: false, browserName: chrome, browserVersion: 120.0.6099.200, chrome: {chromedriverVersion: 120.0.6099.109 (3419140ab66..., userDataDir: C:\Users\Kamlakar\AppData\L...}, fedcm:accounts: true, goog:chromeOptions: {debuggerAddress: localhost:55616}, javascriptEnabled: true, networkConnectionEnabled: false, pageLoadStrategy: normal, platform: WINDOWS, platformName: WINDOWS, proxy: Proxy(), setWindowRect: true, strictFileInteractability: false, timeouts: {implicit: 0, pageLoad: 300000, script: 30000}, unhandledPromptBehavior: dismiss and notify, webauthn:extension:credBlob: true, webauthn:extension:largeBlob: true, webauthn:extension:minPinLength: true, webauthn:extension:prf: true, webauthn:virtualAuthenticators: true}
Session ID: 6023098055a25dcd30bcbb16493bca54]]>
            </message>
            <full-stacktrace>
              <![CDATA[org.openqa.selenium.ElementNotInteractableException: element not interactable
  (Session info: chrome=120.0.6099.200)
Build info: version: '3.141.59', revision: 'e82be7d358', time: '2018-11-14T08:17:03'
System info: host: 'HATI-SDG00096', ip: '192.168.0.103', os.name: 'Windows 10', os.arch: 'amd64', os.version: '10.0', java.version: '17.0.8.1'
Driver info: org.openqa.selenium.chrome.ChromeDriver
Capabilities {acceptInsecureCerts: false, browserName: chrome, browserVersion: 120.0.6099.200, chrome: {chromedriverVersion: 120.0.6099.109 (3419140ab66..., userDataDir: C:\Users\Kamlakar\AppData\L...}, fedcm:accounts: true, goog:chromeOptions: {debuggerAddress: localhost:55616}, javascriptEnabled: true, networkConnectionEnabled: false, pageLoadStrategy: normal, platform: WINDOWS, platformName: WINDOWS, proxy: Proxy(), setWindowRect: true, strictFileInteractability: false, timeouts: {implicit: 0, pageLoad: 300000, script: 30000}, unhandledPromptBehavior: dismiss and notify, webauthn:extension:credBlob: true, webauthn:extension:largeBlob: true, webauthn:extension:minPinLength: true, webauthn:extension:prf: true, webauthn:virtualAuthenticators: true}
Session ID: 6023098055a25dcd30bcbb16493bca54
at java.base/jdk.internal.reflect.NativeConstructorAccessorImpl.newInstance0(Native Method)
at java.base/jdk.internal.reflect.NativeConstructorAccessorImpl.newInstance(NativeConstructorAccessorImpl.java:77)
at java.base/jdk.internal.reflect.DelegatingConstructorAccessorImpl.newInstance(DelegatingConstructorAccessorImpl.java:45)
at java.base/java.lang.reflect.Constructor.newInstanceWithCaller(Constructor.java:499)
at java.base/java.lang.reflect.Constructor.newInstance(Constructor.java:480)
at org.openqa.selenium.remote.http.W3CHttpResponseCodec.createException(W3CHttpResponseCodec.java:187)
at org.openqa.selenium.remote.http.W3CHttpResponseCodec.decode(W3CHttpResponseCodec.java:122)
at org.openqa.selenium.remote.http.W3CHttpResponseCodec.decode(W3CHttpResponseCodec.java:49)
at org.openqa.selenium.remote.HttpCommandExecutor.execute(HttpCommandExecutor.java:158)
at org.openqa.selenium.remote.service.DriverCommandExecutor.execute(DriverCommandExecutor.java:83)
at org.openqa.selenium.remote.RemoteWebDriver.execute(RemoteWebDriver.java:552)
at org.openqa.selenium.remote.RemoteWebElement.execute(RemoteWebElement.java:285)
at org.openqa.selenium.remote.RemoteWebElement.sendKeys(RemoteWebElement.java:106)
at BillingPages.OPBill_FinalBill_Multiple_Payment_Method_Self_Page.OPBillMultipleFullSettlement(OPBill_FinalBill_Multiple_Payment_Method_Self_Page.java:742)
at BillingTest.OPBill_FinalBill_Multiple_Payment_Method_Self_Test.TC_02_OP_Bill_Screen_Multiple_Full_Settlement(OPBill_FinalBill_Multiple_Payment_Method_Self_Test.java:50)
at java.base/jdk.internal.reflect.NativeMethodAccessorImpl.invoke0(Native Method)
at java.base/jdk.internal.reflect.NativeMethodAccessorImpl.invoke(NativeMethodAccessorImpl.java:77)
at java.base/jdk.internal.reflect.DelegatingMethodAccessorImpl.invoke(DelegatingMethodAccessorImpl.java:43)
at java.base/java.lang.reflect.Method.invoke(Method.java:568)
at org.testng.internal.MethodInvocationHelper.invokeMethod(MethodInvocationHelper.java:133)
at org.testng.internal.TestInvoker.invokeMethod(TestInvoker.java:598)
at org.testng.internal.TestInvoker.invokeTestMethod(TestInvoker.java:173)
at org.testng.internal.MethodRunner.runInSequence(MethodRunner.java:46)
at org.testng.internal.TestInvoker$MethodInvocationAgent.invoke(TestInvoker.java:824)
at org.testng.internal.TestInvoker.invokeTestMethods(TestInvoker.java:146)
at org.testng.internal.TestMethodWorker.invokeTestMethods(TestMethodWorker.java:146)
at org.testng.internal.TestMethodWorker.run(TestMethodWorker.java:128)
at java.base/java.util.ArrayList.forEach(ArrayList.java:1511)
at org.testng.TestRunner.privateRun(TestRunner.java:794)
at org.testng.TestRunner.run(TestRunner.java:596)
at org.testng.SuiteRunner.runTest(SuiteRunner.java:377)
at org.testng.SuiteRunner.runSequentially(SuiteRunner.java:371)
at org.testng.SuiteRunner.privateRun(SuiteRunner.java:332)
at org.testng.SuiteRunner.run(SuiteRunner.java:276)
at org.testng.SuiteRunnerWorker.runSuite(SuiteRunnerWorker.java:53)
at org.testng.SuiteRunnerWorker.run(SuiteRunnerWorker.java:96)
at org.testng.TestNG.runSuitesSequentially(TestNG.java:1212)
at org.testng.TestNG.runSuitesSequentially(TestNG.java:1207)
at org.testng.TestNG.runSuitesLocally(TestNG.java:1134)
at org.testng.TestNG.runSuites(TestNG.java:1063)
at org.testng.TestNG.run(TestNG.java:1031)
at org.testng.remote.AbstractRemoteTestNG.run(AbstractRemoteTestNG.java:115)
at org.testng.remote.RemoteTestNG.initAndRun(RemoteTestNG.java:251)
at org.testng.remote.RemoteTestNG.main(RemoteTestNG.java:77)
]]>
            </full-stacktrace>
          </exception> <!-- org.openqa.selenium.ElementNotInteractableException -->
          <reporter-output>
          </reporter-output>
        </test-method> <!-- TC_02_OP_Bill_Screen_Multiple_Full_Settlement -->
        <test-method is-config="true" signature="FailedScreenShot(org.testng.ITestResult)[pri:0, instance:BillingTest.OPBill_FinalBill_Multiple_Payment_Method_Self_Test@b83a9be]" started-at="2024-01-10T23:41:43 IST" name="FailedScreenShot" finished-at="2024-01-10T23:41:43 IST" duration-ms="193" status="PASS">
          <params>
            <param index="0">
              <value>
                <![CDATA[[TestResult name=TC_02_OP_Bill_Screen_Multiple_Full_Settlement status=FAILURE method=OPBill_FinalBill_Multiple_Payment_Method_Self_Test.TC_02_OP_Bill_Screen_Multiple_Full_Settlement(java.lang.String,java.lang.String,java.lang.String,java.lang.String,java.lang.String,java.lang.String,java.lang.String,java.lang.String,java.lang.String,java.lang.String,java.lang.String,java.lang.String,java.lang.String,java.lang.String,java.lang.String)[pri:0, instance:BillingTest.OPBill_FinalBill_Multiple_Payment_Method_Self_Test@b83a9be] output={null}]]]>
              </value>
            </param>
          </params>
          <reporter-output>
          </reporter-output>
        </test-method> <!-- FailedScreenShot -->
        <test-method is-config="true" signature="afterTest()[pri:0, instance:BillingTest.OPBill_FinalBill_Multiple_Payment_Method_Self_Test@b83a9be]" started-at="2024-01-10T23:41:43 IST" name="afterTest" finished-at="2024-01-10T23:41:45 IST" duration-ms="2475" status="PASS">
          <reporter-output>
          </reporter-output>
        </test-method> <!-- afterTest -->
      </class> <!-- BillingTest.OPBill_FinalBill_Multiple_Payment_Method_Self_Test -->
    </test> <!-- OPBill_FinalBill_Multiple_Payment_Method_Self_Test -->
  </suite> <!-- OPBill_FinalBill_Multiple_Payment_Method_Self_Test -->
  <suite started-at="2024-01-10T22:53:13 IST" name="OP_Charge_Conversion_SelfToPayer_Test" finished-at="2024-01-10T22:56:51 IST" duration-ms="217261">
    <groups>
    </groups>
    <test started-at="2024-01-10T22:53:13 IST" name="OP_Charge_Conversion_SelfToPayer_Test" finished-at="2024-01-10T22:56:51 IST" duration-ms="217261">
      <class name="BillingTest.OP_Charge_Conversion_SelfToPayer_Test">
        <test-method is-config="true" signature="startBrowser()[pri:0, instance:BillingTest.OP_Charge_Conversion_SelfToPayer_Test@463fd068]" started-at="2024-01-10T22:53:13 IST" name="startBrowser" finished-at="2024-01-10T22:53:23 IST" duration-ms="9658" status="PASS">
          <reporter-output>
          </reporter-output>
        </test-method> <!-- startBrowser -->
        <test-method signature="TC_01_Verify_Login(java.lang.String)[pri:0, instance:BillingTest.OP_Charge_Conversion_SelfToPayer_Test@463fd068]" started-at="2024-01-10T22:53:23 IST" name="TC_01_Verify_Login" finished-at="2024-01-10T22:53:33 IST" duration-ms="10387" status="PASS">
          <params>
            <param index="0">
              <value>
                <![CDATA[10931994]]>
              </value>
            </param>
          </params>
          <reporter-output>
          </reporter-output>
        </test-method> <!-- TC_01_Verify_Login -->
        <test-method signature="TC_02_OP_Charge_Conversion_Self_To_Payer(java.lang.String,java.lang.String,java.lang.String,java.lang.String,java.lang.String,java.lang.String,java.lang.String,java.lang.String,java.lang.String,java.lang.String,java.lang.String,java.lang.String)[pri:0, instance:BillingTest.OP_Charge_Conversion_SelfToPayer_Test@463fd068]" started-at="2024-01-10T22:53:33 IST" name="TC_02_OP_Charge_Conversion_Self_To_Payer" finished-at="2024-01-10T22:56:51 IST" duration-ms="197211" status="FAIL">
          <params>
            <param index="0">
              <value>
                <![CDATA[LD908798798]]>
              </value>
            </param>
            <param index="1">
              <value>
                <![CDATA[01/01/2036]]>
              </value>
            </param>
            <param index="2">
              <value>
                <![CDATA[Lindsay]]>
              </value>
            </param>
            <param index="3">
              <value>
                <![CDATA[12/02/1991]]>
              </value>
            </param>
            <param index="4">
              <value>
                <![CDATA[8149596832]]>
              </value>
            </param>
            <param index="5">
              <value>
                <![CDATA[Patient has favour not felling well]]>
              </value>
            </param>
            <param index="6">
              <value>
                <![CDATA[Patient has Blood suger]]>
              </value>
            </param>
            <param index="7">
              <value>
                <![CDATA[Patient need wheel chair]]>
              </value>
            </param>
            <param index="8">
              <value>
                <![CDATA[Feeling well]]>
              </value>
            </param>
            <param index="9">
              <value>
                <![CDATA[Overall patient condition is fine]]>
              </value>
            </param>
            <param index="10">
              <value>
                <![CDATA[CT Brain]]>
              </value>
            </param>
            <param index="11">
              <value>
                <![CDATA[MRI Brain]]>
              </value>
            </param>
          </params>
          <exception class="org.openqa.selenium.NoSuchElementException">
            <message>
              <![CDATA[no such element: Unable to locate element: {"method":"xpath","selector":"//span[contains(text(),'MRI Brain')]"}
  (Session info: chrome=120.0.6099.200)
For documentation on this error, please visit: https://www.seleniumhq.org/exceptions/no_such_element.html
Build info: version: '3.141.59', revision: 'e82be7d358', time: '2018-11-14T08:17:03'
System info: host: 'HATI-SDG00096', ip: '192.168.0.103', os.name: 'Windows 10', os.arch: 'amd64', os.version: '10.0', java.version: '17.0.8.1'
Driver info: org.openqa.selenium.chrome.ChromeDriver
Capabilities {acceptInsecureCerts: false, browserName: chrome, browserVersion: 120.0.6099.200, chrome: {chromedriverVersion: 120.0.6099.109 (3419140ab66..., userDataDir: C:\Users\Kamlakar\AppData\L...}, fedcm:accounts: true, goog:chromeOptions: {debuggerAddress: localhost:53515}, javascriptEnabled: true, networkConnectionEnabled: false, pageLoadStrategy: normal, platform: WINDOWS, platformName: WINDOWS, proxy: Proxy(), setWindowRect: true, strictFileInteractability: false, timeouts: {implicit: 0, pageLoad: 300000, script: 30000}, unhandledPromptBehavior: dismiss and notify, webauthn:extension:credBlob: true, webauthn:extension:largeBlob: true, webauthn:extension:minPinLength: true, webauthn:extension:prf: true, webauthn:virtualAuthenticators: true}
Session ID: 3fa7cda15e5d436c046bbd666efc9da6
*** Element info: {Using=xpath, value=//span[contains(text(),'MRI Brain')]}]]>
            </message>
            <full-stacktrace>
              <![CDATA[org.openqa.selenium.NoSuchElementException: no such element: Unable to locate element: {"method":"xpath","selector":"//span[contains(text(),'MRI Brain')]"}
  (Session info: chrome=120.0.6099.200)
For documentation on this error, please visit: https://www.seleniumhq.org/exceptions/no_such_element.html
Build info: version: '3.141.59', revision: 'e82be7d358', time: '2018-11-14T08:17:03'
System info: host: 'HATI-SDG00096', ip: '192.168.0.103', os.name: 'Windows 10', os.arch: 'amd64', os.version: '10.0', java.version: '17.0.8.1'
Driver info: org.openqa.selenium.chrome.ChromeDriver
Capabilities {acceptInsecureCerts: false, browserName: chrome, browserVersion: 120.0.6099.200, chrome: {chromedriverVersion: 120.0.6099.109 (3419140ab66..., userDataDir: C:\Users\Kamlakar\AppData\L...}, fedcm:accounts: true, goog:chromeOptions: {debuggerAddress: localhost:53515}, javascriptEnabled: true, networkConnectionEnabled: false, pageLoadStrategy: normal, platform: WINDOWS, platformName: WINDOWS, proxy: Proxy(), setWindowRect: true, strictFileInteractability: false, timeouts: {implicit: 0, pageLoad: 300000, script: 30000}, unhandledPromptBehavior: dismiss and notify, webauthn:extension:credBlob: true, webauthn:extension:largeBlob: true, webauthn:extension:minPinLength: true, webauthn:extension:prf: true, webauthn:virtualAuthenticators: true}
Session ID: 3fa7cda15e5d436c046bbd666efc9da6
*** Element info: {Using=xpath, value=//span[contains(text(),'MRI Brain')]}
at java.base/jdk.internal.reflect.NativeConstructorAccessorImpl.newInstance0(Native Method)
at java.base/jdk.internal.reflect.NativeConstructorAccessorImpl.newInstance(NativeConstructorAccessorImpl.java:77)
at java.base/jdk.internal.reflect.DelegatingConstructorAccessorImpl.newInstance(DelegatingConstructorAccessorImpl.java:45)
at java.base/java.lang.reflect.Constructor.newInstanceWithCaller(Constructor.java:499)
at java.base/java.lang.reflect.Constructor.newInstance(Constructor.java:480)
at org.openqa.selenium.remote.http.W3CHttpResponseCodec.createException(W3CHttpResponseCodec.java:187)
at org.openqa.selenium.remote.http.W3CHttpResponseCodec.decode(W3CHttpResponseCodec.java:122)
at org.openqa.selenium.remote.http.W3CHttpResponseCodec.decode(W3CHttpResponseCodec.java:49)
at org.openqa.selenium.remote.HttpCommandExecutor.execute(HttpCommandExecutor.java:158)
at org.openqa.selenium.remote.service.DriverCommandExecutor.execute(DriverCommandExecutor.java:83)
at org.openqa.selenium.remote.RemoteWebDriver.execute(RemoteWebDriver.java:552)
at org.openqa.selenium.remote.RemoteWebDriver.findElement(RemoteWebDriver.java:323)
at org.openqa.selenium.remote.RemoteWebDriver.findElementByXPath(RemoteWebDriver.java:428)
at org.openqa.selenium.By$ByXPath.findElement(By.java:353)
at org.openqa.selenium.remote.RemoteWebDriver.findElement(RemoteWebDriver.java:315)
at BillingPages.OP_Charge_Conversion_SelfToPayer_Page.ChargeConversionSelfToPayer(OP_Charge_Conversion_SelfToPayer_Page.java:567)
at BillingTest.OP_Charge_Conversion_SelfToPayer_Test.TC_02_OP_Charge_Conversion_Self_To_Payer(OP_Charge_Conversion_SelfToPayer_Test.java:47)
at java.base/jdk.internal.reflect.NativeMethodAccessorImpl.invoke0(Native Method)
at java.base/jdk.internal.reflect.NativeMethodAccessorImpl.invoke(NativeMethodAccessorImpl.java:77)
at java.base/jdk.internal.reflect.DelegatingMethodAccessorImpl.invoke(DelegatingMethodAccessorImpl.java:43)
at java.base/java.lang.reflect.Method.invoke(Method.java:568)
at org.testng.internal.MethodInvocationHelper.invokeMethod(MethodInvocationHelper.java:133)
at org.testng.internal.TestInvoker.invokeMethod(TestInvoker.java:598)
at org.testng.internal.TestInvoker.invokeTestMethod(TestInvoker.java:173)
at org.testng.internal.MethodRunner.runInSequence(MethodRunner.java:46)
at org.testng.internal.TestInvoker$MethodInvocationAgent.invoke(TestInvoker.java:824)
at org.testng.internal.TestInvoker.invokeTestMethods(TestInvoker.java:146)
at org.testng.internal.TestMethodWorker.invokeTestMethods(TestMethodWorker.java:146)
at org.testng.internal.TestMethodWorker.run(TestMethodWorker.java:128)
at java.base/java.util.ArrayList.forEach(ArrayList.java:1511)
at org.testng.TestRunner.privateRun(TestRunner.java:794)
at org.testng.TestRunner.run(TestRunner.java:596)
at org.testng.SuiteRunner.runTest(SuiteRunner.java:377)
at org.testng.SuiteRunner.runSequentially(SuiteRunner.java:371)
at org.testng.SuiteRunner.privateRun(SuiteRunner.java:332)
at org.testng.SuiteRunner.run(SuiteRunner.java:276)
at org.testng.SuiteRunnerWorker.runSuite(SuiteRunnerWorker.java:53)
at org.testng.SuiteRunnerWorker.run(SuiteRunnerWorker.java:96)
at org.testng.TestNG.runSuitesSequentially(TestNG.java:1212)
at org.testng.TestNG.runSuitesSequentially(TestNG.java:1207)
at org.testng.TestNG.runSuitesLocally(TestNG.java:1134)
at org.testng.TestNG.runSuites(TestNG.java:1063)
at org.testng.TestNG.run(TestNG.java:1031)
at org.testng.remote.AbstractRemoteTestNG.run(AbstractRemoteTestNG.java:115)
at org.testng.remote.RemoteTestNG.initAndRun(RemoteTestNG.java:251)
at org.testng.remote.RemoteTestNG.main(RemoteTestNG.java:77)
]]>
            </full-stacktrace>
          </exception> <!-- org.openqa.selenium.NoSuchElementException -->
          <reporter-output>
          </reporter-output>
        </test-method> <!-- TC_02_OP_Charge_Conversion_Self_To_Payer -->
        <test-method is-config="true" signature="afterTest()[pri:0, instance:BillingTest.OP_Charge_Conversion_SelfToPayer_Test@463fd068]" started-at="2024-01-10T22:56:51 IST" name="afterTest" finished-at="2024-01-10T22:56:53 IST" duration-ms="2586" status="PASS">
          <reporter-output>
          </reporter-output>
        </test-method> <!-- afterTest -->
      </class> <!-- BillingTest.OP_Charge_Conversion_SelfToPayer_Test -->
    </test> <!-- OP_Charge_Conversion_SelfToPayer_Test -->
  </suite> <!-- OP_Charge_Conversion_SelfToPayer_Test -->
  <suite started-at="2024-01-10T23:08:14 IST" name="OP_FinalBill_Partial_Settlement_Self_Test" finished-at="2024-01-10T23:11:27 IST" duration-ms="193127">
    <groups>
    </groups>
    <test started-at="2024-01-10T23:08:14 IST" name="OP_FinalBill_Partial_Settlement_Self_Test" finished-at="2024-01-10T23:11:27 IST" duration-ms="193127">
      <class name="BillingTest.OP_FinalBill_Partial_Settlement_Self_Test">
        <test-method is-config="true" signature="startBrowser()[pri:0, instance:BillingTest.OP_FinalBill_Partial_Settlement_Self_Test@13b3d178]" started-at="2024-01-10T23:08:14 IST" name="startBrowser" finished-at="2024-01-10T23:08:36 IST" duration-ms="21770" status="PASS">
          <reporter-output>
          </reporter-output>
        </test-method> <!-- startBrowser -->
        <test-method signature="TC_01_Verify_Login_Page(java.lang.String)[pri:0, instance:BillingTest.OP_FinalBill_Partial_Settlement_Self_Test@13b3d178]" started-at="2024-01-10T23:08:36 IST" name="TC_01_Verify_Login_Page" finished-at="2024-01-10T23:08:46 IST" duration-ms="10624" status="PASS">
          <params>
            <param index="0">
              <value>
                <![CDATA[10931994]]>
              </value>
            </param>
          </params>
          <reporter-output>
          </reporter-output>
        </test-method> <!-- TC_01_Verify_Login_Page -->
        <test-method is-config="true" signature="FailedScreenShot(org.testng.ITestResult)[pri:0, instance:BillingTest.OP_FinalBill_Partial_Settlement_Self_Test@13b3d178]" started-at="2024-01-10T23:08:46 IST" name="FailedScreenShot" finished-at="2024-01-10T23:08:46 IST" duration-ms="0" status="PASS">
          <params>
            <param index="0">
              <value>
                <![CDATA[[TestResult name=TC_01_Verify_Login_Page status=SUCCESS method=OP_FinalBill_Partial_Settlement_Self_Test.TC_01_Verify_Login_Page(java.lang.String)[pri:0, instance:BillingTest.OP_FinalBill_Partial_Settlement_Self_Test@13b3d178] output={null}]]]>
              </value>
            </param>
          </params>
          <reporter-output>
          </reporter-output>
        </test-method> <!-- FailedScreenShot -->
        <test-method signature="TC_02_User_Able_To_Generate_OPBill_Partial_Settlement(java.lang.String,java.lang.String,java.lang.String,java.lang.String,java.lang.String,java.lang.String,java.lang.String,java.lang.String,java.lang.String,java.lang.String,java.lang.String,java.lang.String,java.lang.String,java.lang.String,java.lang.String)[pri:0, instance:BillingTest.OP_FinalBill_Partial_Settlement_Self_Test@13b3d178]" started-at="2024-01-10T23:08:46 IST" name="TC_02_User_Able_To_Generate_OPBill_Partial_Settlement" finished-at="2024-01-10T23:11:27 IST" duration-ms="160475" status="FAIL">
          <params>
            <param index="0">
              <value>
                <![CDATA[CMR89899009]]>
              </value>
            </param>
            <param index="1">
              <value>
                <![CDATA[01/01/2036]]>
              </value>
            </param>
            <param index="2">
              <value>
                <![CDATA[Cameron]]>
              </value>
            </param>
            <param index="3">
              <value>
                <![CDATA[12/02/1991]]>
              </value>
            </param>
            <param index="4">
              <value>
                <![CDATA[8149596832]]>
              </value>
            </param>
            <param index="5">
              <value>
                <![CDATA[Patient has favour not felling well]]>
              </value>
            </param>
            <param index="6">
              <value>
                <![CDATA[Patient has Blood suger]]>
              </value>
            </param>
            <param index="7">
              <value>
                <![CDATA[Patient need wheel chair]]>
              </value>
            </param>
            <param index="8">
              <value>
                <![CDATA[Feeling well]]>
              </value>
            </param>
            <param index="9">
              <value>
                <![CDATA[Overall patient condition is fine]]>
              </value>
            </param>
            <param index="10">
              <value>
                <![CDATA[CT Brain]]>
              </value>
            </param>
            <param index="11">
              <value>
                <![CDATA[MRI Brain]]>
              </value>
            </param>
            <param index="12">
              <value>
                <![CDATA[Admin]]>
              </value>
            </param>
            <param index="13">
              <value>
                <![CDATA[8980909]]>
              </value>
            </param>
            <param index="14">
              <value>
                <![CDATA[Testing]]>
              </value>
            </param>
          </params>
          <exception class="org.openqa.selenium.ElementNotInteractableException">
            <message>
              <![CDATA[element not interactable
  (Session info: chrome=120.0.6099.200)
Build info: version: '3.141.59', revision: 'e82be7d358', time: '2018-11-14T08:17:03'
System info: host: 'HATI-SDG00096', ip: '192.168.0.103', os.name: 'Windows 10', os.arch: 'amd64', os.version: '10.0', java.version: '17.0.8.1'
Driver info: org.openqa.selenium.chrome.ChromeDriver
Capabilities {acceptInsecureCerts: false, browserName: chrome, browserVersion: 120.0.6099.200, chrome: {chromedriverVersion: 120.0.6099.109 (3419140ab66..., userDataDir: C:\Users\Kamlakar\AppData\L...}, fedcm:accounts: true, goog:chromeOptions: {debuggerAddress: localhost:53968}, javascriptEnabled: true, networkConnectionEnabled: false, pageLoadStrategy: normal, platform: WINDOWS, platformName: WINDOWS, proxy: Proxy(), setWindowRect: true, strictFileInteractability: false, timeouts: {implicit: 0, pageLoad: 300000, script: 30000}, unhandledPromptBehavior: dismiss and notify, webauthn:extension:credBlob: true, webauthn:extension:largeBlob: true, webauthn:extension:minPinLength: true, webauthn:extension:prf: true, webauthn:virtualAuthenticators: true}
Session ID: 6a905441ebf4fab1cb74228e35ca2e46]]>
            </message>
            <full-stacktrace>
              <![CDATA[org.openqa.selenium.ElementNotInteractableException: element not interactable
  (Session info: chrome=120.0.6099.200)
Build info: version: '3.141.59', revision: 'e82be7d358', time: '2018-11-14T08:17:03'
System info: host: 'HATI-SDG00096', ip: '192.168.0.103', os.name: 'Windows 10', os.arch: 'amd64', os.version: '10.0', java.version: '17.0.8.1'
Driver info: org.openqa.selenium.chrome.ChromeDriver
Capabilities {acceptInsecureCerts: false, browserName: chrome, browserVersion: 120.0.6099.200, chrome: {chromedriverVersion: 120.0.6099.109 (3419140ab66..., userDataDir: C:\Users\Kamlakar\AppData\L...}, fedcm:accounts: true, goog:chromeOptions: {debuggerAddress: localhost:53968}, javascriptEnabled: true, networkConnectionEnabled: false, pageLoadStrategy: normal, platform: WINDOWS, platformName: WINDOWS, proxy: Proxy(), setWindowRect: true, strictFileInteractability: false, timeouts: {implicit: 0, pageLoad: 300000, script: 30000}, unhandledPromptBehavior: dismiss and notify, webauthn:extension:credBlob: true, webauthn:extension:largeBlob: true, webauthn:extension:minPinLength: true, webauthn:extension:prf: true, webauthn:virtualAuthenticators: true}
Session ID: 6a905441ebf4fab1cb74228e35ca2e46
at java.base/jdk.internal.reflect.NativeConstructorAccessorImpl.newInstance0(Native Method)
at java.base/jdk.internal.reflect.NativeConstructorAccessorImpl.newInstance(NativeConstructorAccessorImpl.java:77)
at java.base/jdk.internal.reflect.DelegatingConstructorAccessorImpl.newInstance(DelegatingConstructorAccessorImpl.java:45)
at java.base/java.lang.reflect.Constructor.newInstanceWithCaller(Constructor.java:499)
at java.base/java.lang.reflect.Constructor.newInstance(Constructor.java:480)
at org.openqa.selenium.remote.http.W3CHttpResponseCodec.createException(W3CHttpResponseCodec.java:187)
at org.openqa.selenium.remote.http.W3CHttpResponseCodec.decode(W3CHttpResponseCodec.java:122)
at org.openqa.selenium.remote.http.W3CHttpResponseCodec.decode(W3CHttpResponseCodec.java:49)
at org.openqa.selenium.remote.HttpCommandExecutor.execute(HttpCommandExecutor.java:158)
at org.openqa.selenium.remote.service.DriverCommandExecutor.execute(DriverCommandExecutor.java:83)
at org.openqa.selenium.remote.RemoteWebDriver.execute(RemoteWebDriver.java:552)
at org.openqa.selenium.remote.RemoteWebElement.execute(RemoteWebElement.java:285)
at org.openqa.selenium.remote.RemoteWebElement.sendKeys(RemoteWebElement.java:106)
at BillingPages.OP_FinalBill_Partial_Settlement_Self_Page.OPFinalBillPartialSettle(OP_FinalBill_Partial_Settlement_Self_Page.java:609)
at BillingTest.OP_FinalBill_Partial_Settlement_Self_Test.TC_02_User_Able_To_Generate_OPBill_Partial_Settlement(OP_FinalBill_Partial_Settlement_Self_Test.java:49)
at java.base/jdk.internal.reflect.NativeMethodAccessorImpl.invoke0(Native Method)
at java.base/jdk.internal.reflect.NativeMethodAccessorImpl.invoke(NativeMethodAccessorImpl.java:77)
at java.base/jdk.internal.reflect.DelegatingMethodAccessorImpl.invoke(DelegatingMethodAccessorImpl.java:43)
at java.base/java.lang.reflect.Method.invoke(Method.java:568)
at org.testng.internal.MethodInvocationHelper.invokeMethod(MethodInvocationHelper.java:133)
at org.testng.internal.TestInvoker.invokeMethod(TestInvoker.java:598)
at org.testng.internal.TestInvoker.invokeTestMethod(TestInvoker.java:173)
at org.testng.internal.MethodRunner.runInSequence(MethodRunner.java:46)
at org.testng.internal.TestInvoker$MethodInvocationAgent.invoke(TestInvoker.java:824)
at org.testng.internal.TestInvoker.invokeTestMethods(TestInvoker.java:146)
at org.testng.internal.TestMethodWorker.invokeTestMethods(TestMethodWorker.java:146)
at org.testng.internal.TestMethodWorker.run(TestMethodWorker.java:128)
at java.base/java.util.ArrayList.forEach(ArrayList.java:1511)
at org.testng.TestRunner.privateRun(TestRunner.java:794)
at org.testng.TestRunner.run(TestRunner.java:596)
at org.testng.SuiteRunner.runTest(SuiteRunner.java:377)
at org.testng.SuiteRunner.runSequentially(SuiteRunner.java:371)
at org.testng.SuiteRunner.privateRun(SuiteRunner.java:332)
at org.testng.SuiteRunner.run(SuiteRunner.java:276)
at org.testng.SuiteRunnerWorker.runSuite(SuiteRunnerWorker.java:53)
at org.testng.SuiteRunnerWorker.run(SuiteRunnerWorker.java:96)
at org.testng.TestNG.runSuitesSequentially(TestNG.java:1212)
at org.testng.TestNG.runSuitesSequentially(TestNG.java:1207)
at org.testng.TestNG.runSuitesLocally(TestNG.java:1134)
at org.testng.TestNG.runSuites(TestNG.java:1063)
at org.testng.TestNG.run(TestNG.java:1031)
at org.testng.remote.AbstractRemoteTestNG.run(AbstractRemoteTestNG.java:115)
at org.testng.remote.RemoteTestNG.initAndRun(RemoteTestNG.java:251)
at org.testng.remote.RemoteTestNG.main(RemoteTestNG.java:77)
]]>
            </full-stacktrace>
          </exception> <!-- org.openqa.selenium.ElementNotInteractableException -->
          <reporter-output>
          </reporter-output>
        </test-method> <!-- TC_02_User_Able_To_Generate_OPBill_Partial_Settlement -->
[...]
at java.base/jdk.internal.reflect.NativeConstructorAccessorImpl.newInstance0(Native Method)
at java.base/jdk.internal.reflect.NativeConstructorAccessorImpl.newInstance(NativeConstructorAccessorImpl.java:77)
at java.base/jdk.internal.reflect.DelegatingConstructorAccessorImpl.newInstance(DelegatingConstructorAccessorImpl.java:45)
at java.base/java.lang.reflect.Constructor.newInstanceWithCaller(Constructor.java:499)
at java.base/java.lang.reflect.Constructor.newInstance(Constructor.java:480)
at org.openqa.selenium.remote.http.W3CHttpResponseCodec.createException(W3CHttpResponseCodec.java:187)
at org.openqa.selenium.remote.http.W3CHttpResponseCodec.decode(W3CHttpResponseCodec.java:122)
at org.openqa.selenium.remote.http.W3CHttpResponseCodec.decode(W3CHttpResponseCodec.java:49)
at org.openqa.selenium.remote.HttpCommandExecutor.execute(HttpCommandExecutor.java:158)
at org.openqa.selenium.remote.service.DriverCommandExecutor.execute(DriverCommandExecutor.java:83)
at org.openqa.selenium.remote.RemoteWebDriver.execute(RemoteWebDriver.java:552)
at org.openqa.selenium.remote.RemoteWebDriver.get(RemoteWebDriver.java:277)
at BillingTest.Existing_Patient_OPCharge_Save_Self_Test.startBrowser(Existing_Patient_OPCharge_Save_Self_Test.java:59)
at java.base/jdk.internal.reflect.NativeMethodAccessorImpl.invoke0(Native Method)
at java.base/jdk.internal.reflect.NativeMethodAccessorImpl.invoke(NativeMethodAccessorImpl.java:77)
at java.base/jdk.internal.reflect.DelegatingMethodAccessorImpl.invoke(DelegatingMethodAccessorImpl.java:43)
at java.base/java.lang.reflect.Method.invoke(Method.java:568)
at org.testng.internal.MethodInvocationHelper.invokeMethod(MethodInvocationHelper.java:133)
at org.testng.internal.MethodInvocationHelper.invokeMethodConsideringTimeout(MethodInvocationHelper.java:62)
at org.testng.internal.ConfigInvoker.invokeConfigurationMethod(ConfigInvoker.java:385)
at org.testng.internal.ConfigInvoker.invokeConfigurations(ConfigInvoker.java:321)
at org.testng.TestRunner.invokeTestConfigurations(TestRunner.java:637)
at org.testng.TestRunner.beforeRun(TestRunner.java:627)
at org.testng.TestRunner.run(TestRunner.java:589)
at org.testng.SuiteRunner.runTest(SuiteRunner.java:377)
at org.testng.SuiteRunner.runSequentially(SuiteRunner.java:371)
at org.testng.SuiteRunner.privateRun(SuiteRunner.java:332)
at org.testng.SuiteRunner.run(SuiteRunner.java:276)
at org.testng.SuiteRunnerWorker.runSuite(SuiteRunnerWorker.java:53)
at org.testng.SuiteRunnerWorker.run(SuiteRunnerWorker.java:96)
at org.testng.TestNG.runSuitesSequentially(TestNG.java:1212)
at org.testng.TestNG.runSuitesSequentially(TestNG.java:1207)
at org.testng.TestNG.runSuitesLocally(TestNG.java:1134)
at org.testng.TestNG.runSuites(TestNG.java:1063)
at org.testng.TestNG.run(TestNG.java:1031)
at org.testng.remote.AbstractRemoteTestNG.run(AbstractRemoteTestNG.java:115)
at org.testng.remote.RemoteTestNG.initAndRun(RemoteTestNG.java:251)
at org.testng.remote.RemoteTestNG.main(RemoteTestNG.java:77)
]]>
            </full-stacktrace>
          </exception> <!-- org.openqa.selenium.TimeoutException -->
          <reporter-output>
          </reporter-output>
        </test-method> <!-- TC_02_Existing_Patient_OP_Charge_Save_Self -->
        <test-method is-config="true" signature="FailedScreenShot(org.testng.ITestResult)[pri:0, instance:BillingTest.Existing_Patient_OPCharge_Save_Self_Test@35a3d49f]" started-at="2024-01-10T21:49:13 IST" name="FailedScreenShot" finished-at="2024-01-10T21:49:13 IST" duration-ms="0" status="PASS">
          <params>
            <param index="0">
              <value>
                <![CDATA[[TestResult name={null} status=CREATED method=Existing_Patient_OPCharge_Save_Self_Test.TC_02_Existing_Patient_OP_Charge_Save_Self(java.lang.String,java.lang.String,java.lang.String,java.lang.String,java.lang.String,java.lang.String,java.lang.String,java.lang.String,java.lang.String,java.lang.String,java.lang.String,java.lang.String,java.lang.String,java.lang.String,java.lang.String,java.lang.String,java.lang.String,java.lang.String,java.lang.String,java.lang.String,java.lang.String,java.lang.String,java.lang.String,java.lang.String,java.lang.String)[pri:0, instance:BillingTest.Existing_Patient_OPCharge_Save_Self_Test@35a3d49f] output={null}]]]>
              </value>
            </param>
          </params>
          <reporter-output>
          </reporter-output>
        </test-method> <!-- FailedScreenShot -->
        <test-method is-config="true" signature="afterTest()[pri:0, instance:BillingTest.Existing_Patient_OPCharge_Save_Self_Test@35a3d49f]" started-at="2024-01-10T21:49:13 IST" name="afterTest" finished-at="1970-01-01T05:30:00 IST" duration-ms="-1704903553183" status="SKIP">
          <reporter-output>
          </reporter-output>
        </test-method> <!-- afterTest -->
      </class> <!-- BillingTest.Existing_Patient_OPCharge_Save_Self_Test -->
    </test> <!-- Existing_Patient_OPBill_FinalBill_Self_Test -->
  </suite> <!-- Existing_Patient_OPBill_FinalBill_Self_Test -->
  <suite started-at="2024-01-10T22:36:48 IST" name="OP_Bill_Final_Bill_Full_Settlement_Debit_Note_Billing_Summary_Debit_Note_List_View_Details" finished-at="2024-01-10T22:37:23 IST" duration-ms="34752">
    <groups>
    </groups>
    <test started-at="2024-01-10T22:36:48 IST" name="OP_Bill_Final_Bill_Full_Settlement_Debit_Note_Billing_Summary_Debit_Note_List_View_Details" finished-at="2024-01-10T22:37:23 IST" duration-ms="34752">
      <class name="BillingTest.OP_Bill_Final_Bill_Full_Settlement_Debit_Note_Billing_Summary_Debit_Note_List_View_Details">
        <test-method is-config="true" signature="startBrowser()[pri:0, instance:BillingTest.OP_Bill_Final_Bill_Full_Settlement_Debit_Note_Billing_Summary_Debit_Note_List_View_Details@6aa8e115]" started-at="2024-01-10T22:36:48 IST" name="startBrowser" finished-at="2024-01-10T22:36:56 IST" duration-ms="7793" status="PASS">
          <reporter-output>
          </reporter-output>
        </test-method> <!-- startBrowser -->
        <test-method signature="TC_01_Verify_Login(java.lang.String)[pri:0, instance:BillingTest.OP_Bill_Final_Bill_Full_Settlement_Debit_Note_Billing_Summary_Debit_Note_List_View_Details@6aa8e115]" started-at="2024-01-10T22:36:56 IST" name="TC_01_Verify_Login" finished-at="2024-01-10T22:37:07 IST" duration-ms="10640" status="PASS">
          <params>
            <param index="0">
              <value>
                <![CDATA[10931994]]>
              </value>
            </param>
          </params>
          <reporter-output>
          </reporter-output>
        </test-method> <!-- TC_01_Verify_Login -->
        <test-method signature="TC_02_OP_Bill_Final_Bill_Full_Settlement_Debit_Note_Billing_Summary_Debit_Note_List_View_Details(java.lang.String,java.lang.String,java.lang.String,java.lang.String,java.lang.String,java.lang.String,java.lang.String,java.lang.String,java.lang.String,java.lang.String,java.lang.String,java.lang.String,java.lang.String,java.lang.String)[pri:0, instance:BillingTest.OP_Bill_Final_Bill_Full_Settlement_Debit_Note_Billing_Summary_Debit_Note_List_View_Details@6aa8e115]" started-at="2024-01-10T22:37:07 IST" name="TC_02_OP_Bill_Final_Bill_Full_Settlement_Debit_Note_Billing_Summary_Debit_Note_List_View_Details" finished-at="2024-01-10T22:37:23 IST" duration-ms="16064" status="FAIL">
          <params>
            <param index="0">
              <value>
                <![CDATA[UJ888998]]>
              </value>
            </param>
            <param index="1">
              <value>
                <![CDATA[12/10/2024]]>
              </value>
            </param>
            <param index="2">
              <value>
                <![CDATA[12/02/1991]]>
              </value>
            </param>
            <param index="3">
              <value>
                <![CDATA[8149596832]]>
              </value>
            </param>
            <param index="4">
              <value>
                <![CDATA[Patient has favour not felling well]]>
              </value>
            </param>
            <param index="5">
              <value>
                <![CDATA[Patient has Blood suger]]>
              </value>
            </param>
            <param index="6">
              <value>
                <![CDATA[Patient need wheel chair]]>
              </value>
            </param>
            <param index="7">
              <value>
                <![CDATA[Feeling well]]>
              </value>
            </param>
            <param index="8">
              <value>
                <![CDATA[Overall patient condition is fine]]>
              </value>
            </param>
            <param index="9">
              <value>
                <![CDATA[CT Brain]]>
              </value>
            </param>
            <param index="10">
              <value>
                <![CDATA[MRI Brain]]>
              </value>
            </param>
            <param index="11">
              <value>
                <![CDATA[Admin]]>
              </value>
            </param>
            <param index="12">
              <value>
                <![CDATA[8980909]]>
              </value>
            </param>
            <param index="13">
              <value>
                <![CDATA[Testing]]>
              </value>
            </param>
          </params>
          <exception class="org.openqa.selenium.ElementClickInterceptedException">
            <message>
              <![CDATA[element click intercepted: Element <a _ngcontent-fmv-c140="" appaccordiontoggle="" class="navigation-link parent ng-star-inserted" id="2004" data-sequence="2">...</a> is not clickable at point (35, 192). Other element would receive the click: <a _ngcontent-fmv-c140="" appaccordiontoggle="" class="navigation-link relative ng-star-inserted" id="200102" ng-reflect-router-link="new-appointment,appointment-li" data-sequence="1" href="#/OPD/new-appointment/appointment-list">...</a>
  (Session info: chrome=120.0.6099.200)
Build info: version: '3.141.59', revision: 'e82be7d358', time: '2018-11-14T08:17:03'
System info: host: 'HATI-SDG00096', ip: '192.168.0.103', os.name: 'Windows 10', os.arch: 'amd64', os.version: '10.0', java.version: '17.0.8.1'
Driver info: org.openqa.selenium.chrome.ChromeDriver
Capabilities {acceptInsecureCerts: false, browserName: chrome, browserVersion: 120.0.6099.200, chrome: {chromedriverVersion: 120.0.6099.109 (3419140ab66..., userDataDir: C:\Users\Kamlakar\AppData\L...}, fedcm:accounts: true, goog:chromeOptions: {debuggerAddress: localhost:53125}, javascriptEnabled: true, networkConnectionEnabled: false, pageLoadStrategy: normal, platform: WINDOWS, platformName: WINDOWS, proxy: Proxy(), setWindowRect: true, strictFileInteractability: false, timeouts: {implicit: 0, pageLoad: 300000, script: 30000}, unhandledPromptBehavior: dismiss and notify, webauthn:extension:credBlob: true, webauthn:extension:largeBlob: true, webauthn:extension:minPinLength: true, webauthn:extension:prf: true, webauthn:virtualAuthenticators: true}
Session ID: 1d98b999803e95401716cac053e69b36]]>
            </message>
            <full-stacktrace>
              <![CDATA[org.openqa.selenium.ElementClickInterceptedException: element click intercepted: Element <a _ngcontent-fmv-c140="" appaccordiontoggle="" class="navigation-link parent ng-star-inserted" id="2004" data-sequence="2">...</a> is not clickable at point (35, 192). Other element would receive the click: <a _ngcontent-fmv-c140="" appaccordiontoggle="" class="navigation-link relative ng-star-inserted" id="200102" ng-reflect-router-link="new-appointment,appointment-li" data-sequence="1" href="#/OPD/new-appointment/appointment-list">...</a>
  (Session info: chrome=120.0.6099.200)
Build info: version: '3.141.59', revision: 'e82be7d358', time: '2018-11-14T08:17:03'
System info: host: 'HATI-SDG00096', ip: '192.168.0.103', os.name: 'Windows 10', os.arch: 'amd64', os.version: '10.0', java.version: '17.0.8.1'
Driver info: org.openqa.selenium.chrome.ChromeDriver
Capabilities {acceptInsecureCerts: false, browserName: chrome, browserVersion: 120.0.6099.200, chrome: {chromedriverVersion: 120.0.6099.109 (3419140ab66..., userDataDir: C:\Users\Kamlakar\AppData\L...}, fedcm:accounts: true, goog:chromeOptions: {debuggerAddress: localhost:53125}, javascriptEnabled: true, networkConnectionEnabled: false, pageLoadStrategy: normal, platform: WINDOWS, platformName: WINDOWS, proxy: Proxy(), setWindowRect: true, strictFileInteractability: false, timeouts: {implicit: 0, pageLoad: 300000, script: 30000}, unhandledPromptBehavior: dismiss and notify, webauthn:extension:credBlob: true, webauthn:extension:largeBlob: true, webauthn:extension:minPinLength: true, webauthn:extension:prf: true, webauthn:virtualAuthenticators: true}
Session ID: 1d98b999803e95401716cac053e69b36
at java.base/jdk.internal.reflect.NativeConstructorAccessorImpl.newInstance0(Native Method)
at java.base/jdk.internal.reflect.NativeConstructorAccessorImpl.newInstance(NativeConstructorAccessorImpl.java:77)
at java.base/jdk.internal.reflect.DelegatingConstructorAccessorImpl.newInstance(DelegatingConstructorAccessorImpl.java:45)
at java.base/java.lang.reflect.Constructor.newInstanceWithCaller(Constructor.java:499)
at java.base/java.lang.reflect.Constructor.newInstance(Constructor.java:480)
at org.openqa.selenium.remote.http.W3CHttpResponseCodec.createException(W3CHttpResponseCodec.java:187)
at org.openqa.selenium.remote.http.W3CHttpResponseCodec.decode(W3CHttpResponseCodec.java:122)
at org.openqa.selenium.remote.http.W3CHttpResponseCodec.decode(W3CHttpResponseCodec.java:49)
at org.openqa.selenium.remote.HttpCommandExecutor.execute(HttpCommandExecutor.java:158)
at org.openqa.selenium.remote.service.DriverCommandExecutor.execute(DriverCommandExecutor.java:83)
at org.openqa.selenium.remote.RemoteWebDriver.execute(RemoteWebDriver.java:552)
at org.openqa.selenium.remote.RemoteWebElement.execute(RemoteWebElement.java:285)
at org.openqa.selenium.remote.RemoteWebElement.click(RemoteWebElement.java:84)
at BillingPages.OP_Bill_Final_Bill_Full_Settlement_Debit_Note_Billing_Summary_Debit_Note_List_View_Details.OP_Bill_Final_Bill_Full_Settlement_Debit_Note_Billing_Summary_Debit_Note_List_View_Detailsfunc(OP_Bill_Final_Bill_Full_Settlement_Debit_Note_Billing_Summary_Debit_Note_List_View_Details.java:336)
at BillingTest.OP_Bill_Final_Bill_Full_Settlement_Debit_Note_Billing_Summary_Debit_Note_List_View_Details.TC_02_OP_Bill_Final_Bill_Full_Settlement_Debit_Note_Billing_Summary_Debit_Note_List_View_Details(OP_Bill_Final_Bill_Full_Settlement_Debit_Note_Billing_Summary_Debit_Note_List_View_Details.java:49)
at java.base/jdk.internal.reflect.NativeMethodAccessorImpl.invoke0(Native Method)
at java.base/jdk.internal.reflect.NativeMethodAccessorImpl.invoke(NativeMethodAccessorImpl.java:77)
at java.base/jdk.internal.reflect.DelegatingMethodAccessorImpl.invoke(DelegatingMethodAccessorImpl.java:43)
at java.base/java.lang.reflect.Method.invoke(Method.java:568)
at org.testng.internal.MethodInvocationHelper.invokeMethod(MethodInvocationHelper.java:133)
at org.testng.internal.TestInvoker.invokeMethod(TestInvoker.java:598)
at org.testng.internal.TestInvoker.invokeTestMethod(TestInvoker.java:173)
at org.testng.internal.MethodRunner.runInSequence(MethodRunner.java:46)
at org.testng.internal.TestInvoker$MethodInvocationAgent.invoke(TestInvoker.java:824)
at org.testng.internal.TestInvoker.invokeTestMethods(TestInvoker.java:146)
at org.testng.internal.TestMethodWorker.invokeTestMethods(TestMethodWorker.java:146)
at org.testng.internal.TestMethodWorker.run(TestMethodWorker.java:128)
at java.base/java.util.ArrayList.forEach(ArrayList.java:1511)
at org.testng.TestRunner.privateRun(TestRunner.java:794)
at org.testng.TestRunner.run(TestRunner.java:596)
at org.testng.SuiteRunner.runTest(SuiteRunner.java:377)
at org.testng.SuiteRunner.runSequentially(SuiteRunner.java:371)
at org.testng.SuiteRunner.privateRun(SuiteRunner.java:332)
at org.testng.SuiteRunner.run(SuiteRunner.java:276)
at org.testng.SuiteRunnerWorker.runSuite(SuiteRunnerWorker.java:53)
at org.testng.SuiteRunnerWorker.run(SuiteRunnerWorker.java:96)
at org.testng.TestNG.runSuitesSequentially(TestNG.java:1212)
at org.testng.TestNG.runSuitesSequentially(TestNG.java:1207)
at org.testng.TestNG.runSuitesLocally(TestNG.java:1134)
at org.testng.TestNG.runSuites(TestNG.java:1063)
at org.testng.TestNG.run(TestNG.java:1031)
at org.testng.remote.AbstractRemoteTestNG.run(AbstractRemoteTestNG.java:115)
at org.testng.remote.RemoteTestNG.initAndRun(RemoteTestNG.java:251)
at org.testng.remote.RemoteTestNG.main(RemoteTestNG.java:77)
]]>
            </full-stacktrace>
          </exception> <!-- org.openqa.selenium.ElementClickInterceptedException -->
          <reporter-output>
          </reporter-output>
        </test-method> <!-- TC_02_OP_Bill_Final_Bill_Full_Settlement_Debit_Note_Billing_Summary_Debit_Note_List_View_Details -->
        <test-method is-config="true" signature="FailedScreenShot(org.testng.ITestResult)[pri:0, instance:BillingTest.OP_Bill_Final_Bill_Full_Settlement_Debit_Note_Billing_Summary_Debit_Note_List_View_Details@6aa8e115]" started-at="2024-01-10T22:37:07 IST" name="FailedScreenShot" finished-at="2024-01-10T22:37:07 IST" duration-ms="0" status="PASS">
          <params>
            <param index="0">
              <value>
                <![CDATA[[TestResult name=TC_01_Verify_Login status=SUCCESS method=OP_Bill_Final_Bill_Full_Settlement_Debit_Note_Billing_Summary_Debit_Note_List_View_Details.TC_01_Verify_Login(java.lang.String)[pri:0, instance:BillingTest.OP_Bill_Final_Bill_Full_Settlement_Debit_Note_Billing_Summary_Debit_Note_List_View_Details@6aa8e115] output={null}]]]>
              </value>
            </param>
          </params>
          <reporter-output>
          </reporter-output>
        </test-method> <!-- FailedScreenShot -->
        <test-method is-config="true" signature="FailedScreenShot(org.testng.ITestResult)[pri:0, instance:BillingTest.OP_Bill_Final_Bill_Full_Settlement_Debit_Note_Billing_Summary_Debit_Note_List_View_Details@6aa8e115]" started-at="2024-01-10T22:37:23 IST" name="FailedScreenShot" finished-at="2024-01-10T22:37:23 IST" duration-ms="252" status="PASS">
          <params>
            <param index="0">
              <value>
                <![CDATA[[TestResult name=TC_02_OP_Bill_Final_Bill_Full_Settlement_Debit_Note_Billing_Summary_Debit_Note_List_View_Details status=FAILURE method=OP_Bill_Final_Bill_Full_Settlement_Debit_Note_Billing_Summary_Debit_Note_List_View_Details.TC_02_OP_Bill_Final_Bill_Full_Settlement_Debit_Note_Billing_Summary_Debit_Note_List_View_Details(java.lang.String,java.lang.String,java.lang.String,java.lang.String,java.lang.String,java.lang.String,java.lang.String,java.lang.String,java.lang.String,java.lang.String,java.lang.String,java.lang.String,java.lang.String,java.lang.String)[pri:0, instance:BillingTest.OP_Bill_Final_Bill_Full_Settlement_Debit_Note_Billing_Summary_Debit_Note_List_View_Details@6aa8e115] output={null}]]]>
              </value>
            </param>
          </params>
          <reporter-output>
          </reporter-output>
        </test-method> <!-- FailedScreenShot -->
        <test-method is-config="true" signature="afterTest()[pri:0, instance:BillingTest.OP_Bill_Final_Bill_Full_Settlement_Debit_Note_Billing_Summary_Debit_Note_List_View_Details@6aa8e115]" started-at="2024-01-10T22:37:23 IST" name="afterTest" finished-at="2024-01-10T22:37:25 IST" duration-ms="2285" status="PASS">
          <reporter-output>
          </reporter-output>
        </test-method> <!-- afterTest -->
      </class> <!-- BillingTest.OP_Bill_Final_Bill_Full_Settlement_Debit_Note_Billing_Summary_Debit_Note_List_View_Details -->
    </test> <!-- OP_Bill_Final_Bill_Full_Settlement_Debit_Note_Billing_Summary_Debit_Note_List_View_Details -->
  </suite> <!-- OP_Bill_Final_Bill_Full_Settlement_Debit_Note_Billing_Summary_Debit_Note_List_View_Details -->
</testng-results>
