<?xml version="1.0" encoding="UTF-8"?>
<!-- Generated by org.testng.reporters.JUnitXMLReporter -->
<testsuite ignored="0" hostname="HATI-SDG00096" failures="0" tests="2" name="OP_Bill_Final_Bill_Full_Settlement_Debit_Note_Billing_Summary_Debit_Note_List_Cancel_DN" time="244.934" errors="0" timestamp="2024-01-10T22:36:46 IST">
  <testcase classname="BillingTest.OP_Bill_Final_Bill_Full_Settlement_Debit_Note_Billing_Summary_Debit_Note_List_Cancel_DN" name="TC_01_Verify_Login" time="15.865"/>
  <testcase classname="BillingTest.OP_Bill_Final_Bill_Full_Settlement_Debit_Note_Billing_Summary_Debit_Note_List_Cancel_DN" name="TC_02_OP_Bill_Final_Bill_Full_Settlement_Debit_Note_Billing_Summary_Debit_Note_List_Cancel_DN" time="227.496"/>
</testsuite> <!-- OP_Bill_Final_Bill_Full_Settlement_Debit_Note_Billing_Summary_Debit_Note_List_Cancel_DN -->
