<?xml version="1.0" encoding="UTF-8"?>
<!-- Generated by org.testng.reporters.JUnitXMLReporter -->
<testsuite ignored="0" hostname="HATI-SDG00096" failures="0" tests="2" name="New_Registration_Encounter_creation_OP_Bill_Search_patient_Add_charge_Final_Bill_Multiple_Payment_Method_Full_settlement" time="315.672" errors="0" timestamp="2024-01-10T20:56:38 IST">
  <testcase classname="BillingTest.New_Registration_Encounter_creation_OP_Bill_Search_patient_Add_charge_Final_Bill_Multiple_Payment_Method_Full_settlement" name="TC_01_Verify_Login" time="10.71"/>
  <testcase classname="BillingTest.New_Registration_Encounter_creation_OP_Bill_Search_patient_Add_charge_Final_Bill_Multiple_Payment_Method_Full_settlement" name="TC_02_New_Registration_Encounter_creation_OP_Bill_Search_patient_Add_charge_Final_Bill_Multiple_Payment_Method_Full_settlement" time="293.41"/>
</testsuite> <!-- New_Registration_Encounter_creation_OP_Bill_Search_patient_Add_charge_Final_Bill_Multiple_Payment_Method_Full_settlement -->
