<?xml version="1.0" encoding="UTF-8"?>
<!-- Generated by org.testng.reporters.JUnitXMLReporter -->
<testsuite ignored="0" hostname="HATI-SDG00096" failures="0" tests="2" name="New_Registration_Encounter_creation_OP_Bill_Search_patient_Add_charges_Final_Bill_Partial_Settlement" time="0.304" errors="0" timestamp="2024-01-11T18:30:02 IST">
  <testcase classname="BillingTest.New_Registration_Encounter_creation_OP_Bill_Search_patient_Add_charges_Final_Bill_Partial_Settlement" name="@BeforeTest startBrowser" time="0.228">
    <failure type="atu.testrecorder.exceptions.ATUTestRecorderException">
      <![CDATA[[ATU Test Recorder Exception] Directory ".\Videos" does not exist.
at atu.testrecorder.ATUTestRecorder.<init>(ATUTestRecorder.java:184)
at BillingTest.New_Registration_Encounter_creation_OP_Bill_Search_patient_Add_charges_Final_Bill_Partial_Settlement.startBrowser(New_Registration_Encounter_creation_OP_Bill_Search_patient_Add_charges_Final_Bill_Partial_Settlement.java:60)
... Removed 24 stack frames]]>
    </failure>
  </testcase> <!-- @BeforeTest startBrowser -->
  <testcase classname="BillingTest.New_Registration_Encounter_creation_OP_Bill_Search_patient_Add_charges_Final_Bill_Partial_Settlement" name="TC_01_Verify_Login" time="0.0">
    <skipped/>
  </testcase> <!-- TC_01_Verify_Login -->
  <testcase classname="BillingTest.New_Registration_Encounter_creation_OP_Bill_Search_patient_Add_charges_Final_Bill_Partial_Settlement" name="TC_02_New_Registration_Encounter_creation_OP_Bill_Search_patient_Add_charges_Final_Bill_Partial_Settlement" time="0.0">
    <skipped/>
  </testcase> <!-- TC_02_New_Registration_Encounter_creation_OP_Bill_Search_patient_Add_charges_Final_Bill_Partial_Settlement -->
</testsuite> <!-- New_Registration_Encounter_creation_OP_Bill_Search_patient_Add_charges_Final_Bill_Partial_Settlement -->
